<?xml version="1.0" encoding="UTF-8"?>
<testsuite xmlns:xsi="http://www.w3.org/2001/XMLSchema-instance" xsi:noNamespaceSchemaLocation="https://maven.apache.org/surefire/maven-surefire-plugin/xsd/surefire-test-report.xsd" version="3.0.2" name="com.spiceflow.backend.sales.collection.service.CashCollectionWorkflowServiceTest" time="0.778" tests="4" errors="0" skipped="0" failures="0" flakes="0">
  <properties>
[...]
</properties>
  <testcase name="should_confirm_collection_and_reduce_shop_balance" classname="com.spiceflow.backend.sales.collection.service.CashCollectionWorkflowServiceTest" time="0.736">
    <system-out><![CDATA[2026-07-25T18:43:36.874+05:30 DEBUG 3916 --- [           main] .s.b.s.c.s.CashCollectionWorkflowService : [traceId=, userId=, tenantId=] Applied payment 5000 to shop 100 balance
2026-07-25T18:43:36.875+05:30  INFO 3916 --- [           main] .s.b.s.c.s.CashCollectionWorkflowService : [traceId=, userId=, tenantId=] Cash collection COL-2026-0001 transitioned to CONFIRMED for tenant 10
]]></system-out>
  </testcase>
  <testcase name="should_reverse_shop_balance_when_confirmed_collection_is_cancelled" classname="com.spiceflow.backend.sales.collection.service.CashCollectionWorkflowServiceTest" time="0.016">
    <system-out><![CDATA[2026-07-25T18:43:36.892+05:30 DEBUG 3916 --- [           main] .s.b.s.c.s.CashCollectionWorkflowService : [traceId=, userId=, tenantId=] Reversed payment 5000 from shop 100 balance
2026-07-25T18:43:36.893+05:30  INFO 3916 --- [           main] .s.b.s.c.s.CashCollectionWorkflowService : [traceId=, userId=, tenantId=] Cash collection COL-2026-0001 transitioned to CANCELLED for tenant 10
]]></system-out>
  </testcase>
  <testcase name="should_create_collection_successfully" classname="com.spiceflow.backend.sales.collection.service.CashCollectionWorkflowServiceTest" time="0.01">
    <system-out><![CDATA[2026-07-25T18:43:36.904+05:30  INFO 3916 --- [           main] .s.b.s.c.s.CashCollectionWorkflowService : [traceId=, userId=, tenantId=] Created cash collection COL-2026-0001 for tenant 10
]]></system-out>
  </testcase>
  <testcase name="should_reject_confirmation_when_amount_exceeds_shop_balance" classname="com.spiceflow.backend.sales.collection.service.CashCollectionWorkflowServiceTest" time="0.009"/>
</testsuite>