<?xml version="1.0" encoding="UTF-8"?>
<testsuite xmlns:xsi="http://www.w3.org/2001/XMLSchema-instance" xsi:noNamespaceSchemaLocation="https://maven.apache.org/surefire/maven-surefire-plugin/xsd/surefire-test-report.xsd" version="3.0.2" name="com.spiceflow.backend.admin.service.AdminServiceIntegrationTest" time="102.158" tests="1" errors="0" skipped="0" failures="0" flakes="0">
  <properties>
[...]
</properties>
  <testcase name="testCreateTenantRollbackOnCheckedException" classname="com.spiceflow.backend.admin.service.AdminServiceIntegrationTest" time="3.436">
    <system-out><![CDATA[13:58:15.574 [main] INFO org.springframework.test.context.support.AnnotationConfigContextLoaderUtils -- Could not detect default configuration classes for test class [com.spiceflow.backend.admin.service.AdminServiceIntegrationTest]: AdminServiceIntegrationTest does not declare any static, non-private, non-final, nested classes annotated with @Configuration.
13:58:16.849 [main] INFO org.springframework.boot.test.context.SpringBootTestContextBootstrapper -- Found @SpringBootConfiguration com.spiceflow.backend.SpiceflowBackendApplication for test class com.spiceflow.backend.admin.service.AdminServiceIntegrationTest
13:58:17.896 [main] INFO org.springframework.test.context.support.AnnotationConfigContextLoaderUtils -- Could not detect default configuration classes for test class [com.spiceflow.backend.admin.service.AdminServiceIntegrationTest]: AdminServiceIntegrationTest does not declare any static, non-private, non-final, nested classes annotated with @Configuration.
13:58:17.905 [main] INFO org.springframework.boot.test.context.SpringBootTestContextBootstrapper -- Found @SpringBootConfiguration com.spiceflow.backend.SpiceflowBackendApplication for test class com.spiceflow.backend.admin.service.AdminServiceIntegrationTest
13:58:18.503 [main] INFO org.springframework.boot.devtools.restart.RestartApplicationListener -- Restart disabled due to context in which it is running

  .   ____          _            __ _ _
 /\\ / ___'_ __ _ _(_)_ __  __ _ \ \ \ \
( ( )\___ | '_ | '_| | '_ \/ _` | \ \ \ \
 \\/  ___)| |_)| | | | | || (_| |  ) ) ) )
  '  |____| .__|_| |_|_| |_\__, | / / / /
 =========|_|==============|___/=/_/_/_/

 :: Spring Boot ::                (v4.0.6)

2026-07-25T13:58:22.180+05:30  INFO 20400 --- [           main] c.s.b.a.s.AdminServiceIntegrationTest    : [traceId=, userId=, tenantId=] Starting AdminServiceIntegrationTest using Java 21.0.10 with PID 20400 (started by bdils in C:\Users\bdils\OneDrive\Desktop\Sysco\spice_business\spiceflow-backend)
2026-07-25T13:58:22.186+05:30 DEBUG 20400 --- [           main] c.s.b.a.s.AdminServiceIntegrationTest    : [traceId=, userId=, tenantId=] Running with Spring Boot v4.0.6, Spring v7.0.7
2026-07-25T13:58:22.190+05:30  INFO 20400 --- [           main] c.s.b.a.s.AdminServiceIntegrationTest    : [traceId=, userId=, tenantId=] The following 1 profile is active: "test"
2026-07-25T13:58:36.440+05:30  INFO 20400 --- [           main] .s.d.r.c.RepositoryConfigurationDelegate : [traceId=, userId=, tenantId=] Bootstrapping Spring Data JPA repositories in DEFAULT mode.
2026-07-25T13:58:39.430+05:30  INFO 20400 --- [           main] .s.d.r.c.RepositoryConfigurationDelegate : [traceId=, userId=, tenantId=] Finished Spring Data repository scanning in 2937 ms. Found 45 JPA repository interfaces.
2026-07-25T13:58:46.967+05:30  INFO 20400 --- [           main] org.hibernate.orm.jpa                    : [traceId=, userId=, tenantId=] HHH008540: Processing PersistenceUnitInfo [name: default]
2026-07-25T13:58:47.517+05:30  INFO 20400 --- [           main] org.hibernate.orm.core                   : [traceId=, userId=, tenantId=] HHH000001: Hibernate ORM core version 7.2.12.Final
2026-07-25T13:58:51.980+05:30  INFO 20400 --- [           main] o.s.o.j.p.SpringPersistenceUnitInfo      : [traceId=, userId=, tenantId=] No LoadTimeWeaver setup: ignoring JPA class transformer
2026-07-25T13:58:52.335+05:30  INFO 20400 --- [           main] com.zaxxer.hikari.HikariDataSource       : [traceId=, userId=, tenantId=] HikariPool-1 - Starting...
2026-07-25T13:58:54.575+05:30  INFO 20400 --- [           main] com.zaxxer.hikari.pool.HikariPool        : [traceId=, userId=, tenantId=] HikariPool-1 - Added connection conn0: url=jdbc:h2:mem:spiceflow_test user=SA
2026-07-25T13:58:54.592+05:30  INFO 20400 --- [           main] com.zaxxer.hikari.HikariDataSource       : [traceId=, userId=, tenantId=] HikariPool-1 - Start completed.
2026-07-25T13:58:54.832+05:30  WARN 20400 --- [           main] org.hibernate.orm.deprecation            : [traceId=, userId=, tenantId=] HHH90000025: H2Dialect does not need to be specified explicitly using 'hibernate.dialect' (remove the property setting and it will be selected by default)
2026-07-25T13:58:55.077+05:30  INFO 20400 --- [           main] org.hibernate.orm.connections.pooling    : [traceId=, userId=, tenantId=] HHH10001005: Database info:
	Database JDBC URL [jdbc:h2:mem:spiceflow_test]
	Database driver: H2 JDBC Driver
	Database dialect: H2Dialect
	Database version: 2.4.240
	Default catalog/schema: SPICEFLOW_TEST/PUBLIC
	Autocommit mode: undefined/unknown
	Isolation level: READ_COMMITTED [default READ_COMMITTED]
	JDBC fetch size: 100
	Pool: DataSourceConnectionProvider
	Minimum pool size: undefined/unknown
	Maximum pool size: undefined/unknown
2026-07-25T13:58:56.866+05:30  WARN 20400 --- [           main] org.hibernate.orm.boot                   : [traceId=, userId=, tenantId=] HHH160133: 'com.spiceflow.backend.auth.entity.BusinessOwnerTenant.tenant' uses both @NotFound and FetchType.LAZY;@ManyToOne and @OneToOne associations mapped with @NotFound are forced to EAGER fetching
2026-07-25T13:58:56.882+05:30  WARN 20400 --- [           main] org.hibernate.orm.boot                   : [traceId=, userId=, tenantId=] HHH160133: 'com.spiceflow.backend.auth.entity.BusinessOwnerTenant.user' uses both @NotFound and FetchType.LAZY;@ManyToOne and @OneToOne associations mapped with @NotFound are forced to EAGER fetching
2026-07-25T13:58:56.908+05:30  WARN 20400 --- [           main] org.hibernate.orm.boot                   : [traceId=, userId=, tenantId=] HHH160133: 'com.spiceflow.backend.auth.entity.RefreshToken.user' uses both @NotFound and FetchType.LAZY;@ManyToOne and @OneToOne associations mapped with @NotFound are forced to EAGER fetching
2026-07-25T13:58:57.062+05:30  WARN 20400 --- [           main] org.hibernate.orm.boot                   : [traceId=, userId=, tenantId=] HHH160133: 'com.spiceflow.backend.auth.entity.Role.tenant' uses both @NotFound and FetchType.LAZY;@ManyToOne and @OneToOne associations mapped with @NotFound are forced to EAGER fetching
2026-07-25T13:58:57.104+05:30  WARN 20400 --- [           main] org.hibernate.orm.boot                   : [traceId=, userId=, tenantId=] HHH160133: 'com.spiceflow.backend.auth.entity.Tenant.businessType' uses both @NotFound and FetchType.LAZY;@ManyToOne and @OneToOne associations mapped with @NotFound are forced to EAGER fetching
2026-07-25T13:58:57.180+05:30  WARN 20400 --- [           main] org.hibernate.orm.boot                   : [traceId=, userId=, tenantId=] HHH160133: 'com.spiceflow.backend.auth.entity.User.assignedRole' uses both @NotFound and FetchType.LAZY;@ManyToOne and @OneToOne associations mapped with @NotFound are forced to EAGER fetching
2026-07-25T13:58:57.185+05:30  WARN 20400 --- [           main] org.hibernate.orm.boot                   : [traceId=, userId=, tenantId=] HHH160133: 'com.spiceflow.backend.auth.entity.User.tenant' uses both @NotFound and FetchType.LAZY;@ManyToOne and @OneToOne associations mapped with @NotFound are forced to EAGER fetching
2026-07-25T13:58:57.302+05:30  WARN 20400 --- [           main] org.hibernate.orm.boot                   : [traceId=, userId=, tenantId=] HHH160133: 'com.spiceflow.backend.inventory.entity.InventoryItem.product' uses both @NotFound and FetchType.LAZY;@ManyToOne and @OneToOne associations mapped with @NotFound are forced to EAGER fetching
2026-07-25T13:58:57.306+05:30  WARN 20400 --- [           main] org.hibernate.orm.boot                   : [traceId=, userId=, tenantId=] HHH160133: 'com.spiceflow.backend.inventory.entity.InventoryItem.tenant' uses both @NotFound and FetchType.LAZY;@ManyToOne and @OneToOne associations mapped with @NotFound are forced to EAGER fetching
2026-07-25T13:58:57.308+05:30  WARN 20400 --- [           main] org.hibernate.orm.boot                   : [traceId=, userId=, tenantId=] HHH160133: 'com.spiceflow.backend.inventory.entity.InventoryItem.warehouse' uses both @NotFound and FetchType.LAZY;@ManyToOne and @OneToOne associations mapped with @NotFound are forced to EAGER fetching
2026-07-25T13:58:57.356+05:30  WARN 20400 --- [           main] org.hibernate.orm.boot                   : [traceId=, userId=, tenantId=] HHH160133: 'com.spiceflow.backend.inventory.entity.InventoryTransaction.inventoryItem' uses both @NotFound and FetchType.LAZY;@ManyToOne and @OneToOne associations mapped with @NotFound are forced to EAGER fetching
2026-07-25T13:58:57.360+05:30  WARN 20400 --- [           main] org.hibernate.orm.boot                   : [traceId=, userId=, tenantId=] HHH160133: 'com.spiceflow.backend.inventory.entity.InventoryTransaction.tenant' uses both @NotFound and FetchType.LAZY;@ManyToOne and @OneToOne associations mapped with @NotFound are forced to EAGER fetching
2026-07-25T13:58:57.379+05:30  WARN 20400 --- [           main] org.hibernate.orm.boot                   : [traceId=, userId=, tenantId=] HHH160133: 'com.spiceflow.backend.inventory.entity.Product.category' uses both @NotFound and FetchType.LAZY;@ManyToOne and @OneToOne associations mapped with @NotFound are forced to EAGER fetching
2026-07-25T13:58:57.386+05:30  WARN 20400 --- [           main] org.hibernate.orm.boot                   : [traceId=, userId=, tenantId=] HHH160133: 'com.spiceflow.backend.inventory.entity.Product.supplier' uses both @NotFound and FetchType.LAZY;@ManyToOne and @OneToOne associations mapped with @NotFound are forced to EAGER fetching
2026-07-25T13:58:57.387+05:30  WARN 20400 --- [           main] org.hibernate.orm.boot                   : [traceId=, userId=, tenantId=] HHH160133: 'com.spiceflow.backend.inventory.entity.Product.tenant' uses both @NotFound and FetchType.LAZY;@ManyToOne and @OneToOne associations mapped with @NotFound are forced to EAGER fetching
2026-07-25T13:58:57.405+05:30  WARN 20400 --- [           main] org.hibernate.orm.boot                   : [traceId=, userId=, tenantId=] HHH160133: 'com.spiceflow.backend.inventory.entity.ProductCategory.parentCategory' uses both @NotFound and FetchType.LAZY;@ManyToOne and @OneToOne associations mapped with @NotFound are forced to EAGER fetching
2026-07-25T13:58:57.406+05:30  WARN 20400 --- [           main] org.hibernate.orm.boot                   : [traceId=, userId=, tenantId=] HHH160133: 'com.spiceflow.backend.inventory.entity.ProductCategory.tenant' uses both @NotFound and FetchType.LAZY;@ManyToOne and @OneToOne associations mapped with @NotFound are forced to EAGER fetching
2026-07-25T13:58:57.420+05:30  WARN 20400 --- [           main] org.hibernate.orm.boot                   : [traceId=, userId=, tenantId=] HHH160133: 'com.spiceflow.backend.inventory.entity.Supplier.tenant' uses both @NotFound and FetchType.LAZY;@ManyToOne and @OneToOne associations mapped with @NotFound are forced to EAGER fetching
2026-07-25T13:58:57.441+05:30  WARN 20400 --- [           main] org.hibernate.orm.boot                   : [traceId=, userId=, tenantId=] HHH160133: 'com.spiceflow.backend.inventory.entity.Warehouse.tenant' uses both @NotFound and FetchType.LAZY;@ManyToOne and @OneToOne associations mapped with @NotFound are forced to EAGER fetching
2026-07-25T13:58:57.510+05:30  WARN 20400 --- [           main] org.hibernate.orm.boot                   : [traceId=, userId=, tenantId=] HHH160133: 'com.spiceflow.backend.inventory.transfer.entity.WarehouseTransferLineEntity.warehouseTransfer' uses both @NotFound and FetchType.LAZY;@ManyToOne and @OneToOne associations mapped with @NotFound are forced to EAGER fetching
2026-07-25T13:58:57.573+05:30  WARN 20400 --- [           main] org.hibernate.orm.boot                   : [traceId=, userId=, tenantId=] HHH160133: 'com.spiceflow.backend.purchase.entity.Purchase.returnWarehouse' uses both @NotFound and FetchType.LAZY;@ManyToOne and @OneToOne associations mapped with @NotFound are forced to EAGER fetching
2026-07-25T13:58:57.575+05:30  WARN 20400 --- [           main] org.hibernate.orm.boot                   : [traceId=, userId=, tenantId=] HHH160133: 'com.spiceflow.backend.purchase.entity.Purchase.supplier' uses both @NotFound and FetchType.LAZY;@ManyToOne and @OneToOne associations mapped with @NotFound are forced to EAGER fetching
2026-07-25T13:58:57.577+05:30  WARN 20400 --- [           main] org.hibernate.orm.boot                   : [traceId=, userId=, tenantId=] HHH160133: 'com.spiceflow.backend.purchase.entity.Purchase.tenant' uses both @NotFound and FetchType.LAZY;@ManyToOne and @OneToOne associations mapped with @NotFound are forced to EAGER fetching
2026-07-25T13:58:57.622+05:30  WARN 20400 --- [           main] org.hibernate.orm.boot                   : [traceId=, userId=, tenantId=] HHH160133: 'com.spiceflow.backend.purchase.entity.PurchaseLineItem.product' uses both @NotFound and FetchType.LAZY;@ManyToOne and @OneToOne associations mapped with @NotFound are forced to EAGER fetching
2026-07-25T13:58:57.623+05:30  WARN 20400 --- [           main] org.hibernate.orm.boot                   : [traceId=, userId=, tenantId=] HHH160133: 'com.spiceflow.backend.purchase.entity.PurchaseLineItem.purchase' uses both @NotFound and FetchType.LAZY;@ManyToOne and @OneToOne associations mapped with @NotFound are forced to EAGER fetching
2026-07-25T13:58:57.626+05:30  WARN 20400 --- [           main] org.hibernate.orm.boot                   : [traceId=, userId=, tenantId=] HHH160133: 'com.spiceflow.backend.purchase.entity.PurchaseLineItem.tenant' uses both @NotFound and FetchType.LAZY;@ManyToOne and @OneToOne associations mapped with @NotFound are forced to EAGER fetching
2026-07-25T13:58:57.651+05:30  WARN 20400 --- [           main] org.hibernate.orm.boot                   : [traceId=, userId=, tenantId=] HHH160133: 'com.spiceflow.backend.purchase.entity.PurchaseReturnItem.product' uses both @NotFound and FetchType.LAZY;@ManyToOne and @OneToOne associations mapped with @NotFound are forced to EAGER fetching
2026-07-25T13:58:57.653+05:30  WARN 20400 --- [           main] org.hibernate.orm.boot                   : [traceId=, userId=, tenantId=] HHH160133: 'com.spiceflow.backend.purchase.entity.PurchaseReturnItem.purchase' uses both @NotFound and FetchType.LAZY;@ManyToOne and @OneToOne associations mapped with @NotFound are forced to EAGER fetching
2026-07-25T13:58:57.655+05:30  WARN 20400 --- [           main] org.hibernate.orm.boot                   : [traceId=, userId=, tenantId=] HHH160133: 'com.spiceflow.backend.purchase.entity.PurchaseReturnItem.tenant' uses both @NotFound and FetchType.LAZY;@ManyToOne and @OneToOne associations mapped with @NotFound are forced to EAGER fetching
2026-07-25T13:58:57.735+05:30  WARN 20400 --- [           main] org.hibernate.orm.boot                   : [traceId=, userId=, tenantId=] HHH160133: 'com.spiceflow.backend.purchasing.entity.PurchaseOrderLineEntity.purchaseOrder' uses both @NotFound and FetchType.LAZY;@ManyToOne and @OneToOne associations mapped with @NotFound are forced to EAGER fetching
2026-07-25T13:58:57.815+05:30  WARN 20400 --- [           main] org.hibernate.orm.boot                   : [traceId=, userId=, tenantId=] HHH160133: 'com.spiceflow.backend.receiving.entity.GoodsReceiptLineEntity.goodsReceipt' uses both @NotFound and FetchType.LAZY;@ManyToOne and @OneToOne associations mapped with @NotFound are forced to EAGER fetching
2026-07-25T13:58:58.187+05:30  WARN 20400 --- [           main] org.hibernate.orm.boot                   : [traceId=, userId=, tenantId=] HHH160133: 'com.spiceflow.backend.sales.entity.Delivery.loadingSheet' uses both @NotFound and FetchType.LAZY;@ManyToOne and @OneToOne associations mapped with @NotFound are forced to EAGER fetching
2026-07-25T13:58:58.189+05:30  WARN 20400 --- [           main] org.hibernate.orm.boot                   : [traceId=, userId=, tenantId=] HHH160133: 'com.spiceflow.backend.sales.entity.Delivery.tenant' uses both @NotFound and FetchType.LAZY;@ManyToOne and @OneToOne associations mapped with @NotFound are forced to EAGER fetching
2026-07-25T13:58:58.221+05:30  WARN 20400 --- [           main] org.hibernate.orm.boot                   : [traceId=, userId=, tenantId=] HHH160133: 'com.spiceflow.backend.sales.entity.DeliveryPayment.deliveryShop' uses both @NotFound and FetchType.LAZY;@ManyToOne and @OneToOne associations mapped with @NotFound are forced to EAGER fetching
2026-07-25T13:58:58.223+05:30  WARN 20400 --- [           main] org.hibernate.orm.boot                   : [traceId=, userId=, tenantId=] HHH160133: 'com.spiceflow.backend.sales.entity.DeliveryPayment.tenant' uses both @NotFound and FetchType.LAZY;@ManyToOne and @OneToOne associations mapped with @NotFound are forced to EAGER fetching
2026-07-25T13:58:58.234+05:30  WARN 20400 --- [           main] org.hibernate.orm.boot                   : [traceId=, userId=, tenantId=] HHH160133: 'com.spiceflow.backend.sales.entity.DeliveryShop.delivery' uses both @NotFound and FetchType.LAZY;@ManyToOne and @OneToOne associations mapped with @NotFound are forced to EAGER fetching
2026-07-25T13:58:58.243+05:30  WARN 20400 --- [           main] org.hibernate.orm.boot                   : [traceId=, userId=, tenantId=] HHH160133: 'com.spiceflow.backend.sales.entity.DeliveryShop.shop' uses both @NotFound and FetchType.LAZY;@ManyToOne and @OneToOne associations mapped with @NotFound are forced to EAGER fetching
2026-07-25T13:58:58.244+05:30  WARN 20400 --- [           main] org.hibernate.orm.boot                   : [traceId=, userId=, tenantId=] HHH160133: 'com.spiceflow.backend.sales.entity.DeliveryShop.tenant' uses both @NotFound and FetchType.LAZY;@ManyToOne and @OneToOne associations mapped with @NotFound are forced to EAGER fetching
2026-07-25T13:58:58.256+05:30  WARN 20400 --- [           main] org.hibernate.orm.boot                   : [traceId=, userId=, tenantId=] HHH160133: 'com.spiceflow.backend.sales.entity.DeliveryShopItem.deliveryShop' uses both @NotFound and FetchType.LAZY;@ManyToOne and @OneToOne associations mapped with @NotFound are forced to EAGER fetching
2026-07-25T13:58:58.263+05:30  WARN 20400 --- [           main] org.hibernate.orm.boot                   : [traceId=, userId=, tenantId=] HHH160133: 'com.spiceflow.backend.sales.entity.DeliveryShopItem.product' uses both @NotFound and FetchType.LAZY;@ManyToOne and @OneToOne associations mapped with @NotFound are forced to EAGER fetching
2026-07-25T13:58:58.267+05:30  WARN 20400 --- [           main] org.hibernate.orm.boot                   : [traceId=, userId=, tenantId=] HHH160133: 'com.spiceflow.backend.sales.entity.DeliveryShopItem.tenant' uses both @NotFound and FetchType.LAZY;@ManyToOne and @OneToOne associations mapped with @NotFound are forced to EAGER fetching
2026-07-25T13:58:58.286+05:30  WARN 20400 --- [           main] org.hibernate.orm.boot                   : [traceId=, userId=, tenantId=] HHH160133: 'com.spiceflow.backend.sales.entity.DeliveryShopReturn.deliveryShop' uses both @NotFound and FetchType.LAZY;@ManyToOne and @OneToOne associations mapped with @NotFound are forced to EAGER fetching
2026-07-25T13:58:58.287+05:30  WARN 20400 --- [           main] org.hibernate.orm.boot                   : [traceId=, userId=, tenantId=] HHH160133: 'com.spiceflow.backend.sales.entity.DeliveryShopReturn.product' uses both @NotFound and FetchType.LAZY;@ManyToOne and @OneToOne associations mapped with @NotFound are forced to EAGER fetching
2026-07-25T13:58:58.292+05:30  WARN 20400 --- [           main] org.hibernate.orm.boot                   : [traceId=, userId=, tenantId=] HHH160133: 'com.spiceflow.backend.sales.entity.DeliveryShopReturn.tenant' uses both @NotFound and FetchType.LAZY;@ManyToOne and @OneToOne associations mapped with @NotFound are forced to EAGER fetching
2026-07-25T13:58:58.313+05:30  WARN 20400 --- [           main] org.hibernate.orm.boot                   : [traceId=, userId=, tenantId=] HHH160133: 'com.spiceflow.backend.sales.entity.Driver.defaultWarehouse' uses both @NotFound and FetchType.LAZY;@ManyToOne and @OneToOne associations mapped with @NotFound are forced to EAGER fetching
2026-07-25T13:58:58.317+05:30  WARN 20400 --- [           main] org.hibernate.orm.boot                   : [traceId=, userId=, tenantId=] HHH160133: 'com.spiceflow.backend.sales.entity.Driver.tenant' uses both @NotFound and FetchType.LAZY;@ManyToOne and @OneToOne associations mapped with @NotFound are forced to EAGER fetching
2026-07-25T13:58:58.330+05:30  WARN 20400 --- [           main] org.hibernate.orm.boot                   : [traceId=, userId=, tenantId=] HHH160133: 'com.spiceflow.backend.sales.entity.LoadingSheet.driver' uses both @NotFound and FetchType.LAZY;@ManyToOne and @OneToOne associations mapped with @NotFound are forced to EAGER fetching
2026-07-25T13:58:58.333+05:30  WARN 20400 --- [           main] org.hibernate.orm.boot                   : [traceId=, userId=, tenantId=] HHH160133: 'com.spiceflow.backend.sales.entity.LoadingSheet.repOrder' uses both @NotFound and FetchType.LAZY;@ManyToOne and @OneToOne associations mapped with @NotFound are forced to EAGER fetching
2026-07-25T13:58:58.341+05:30  WARN 20400 --- [           main] org.hibernate.orm.boot                   : [traceId=, userId=, tenantId=] HHH160133: 'com.spiceflow.backend.sales.entity.LoadingSheet.tenant' uses both @NotFound and FetchType.LAZY;@ManyToOne and @OneToOne associations mapped with @NotFound are forced to EAGER fetching
2026-07-25T13:58:58.350+05:30  WARN 20400 --- [           main] org.hibernate.orm.boot                   : [traceId=, userId=, tenantId=] HHH160133: 'com.spiceflow.backend.sales.entity.LoadingSheetItem.loadingSheet' uses both @NotFound and FetchType.LAZY;@ManyToOne and @OneToOne associations mapped with @NotFound are forced to EAGER fetching
2026-07-25T13:58:58.351+05:30  WARN 20400 --- [           main] org.hibernate.orm.boot                   : [traceId=, userId=, tenantId=] HHH160133: 'com.spiceflow.backend.sales.entity.LoadingSheetItem.product' uses both @NotFound and FetchType.LAZY;@ManyToOne and @OneToOne associations mapped with @NotFound are forced to EAGER fetching
2026-07-25T13:58:58.353+05:30  WARN 20400 --- [           main] org.hibernate.orm.boot                   : [traceId=, userId=, tenantId=] HHH160133: 'com.spiceflow.backend.sales.entity.LoadingSheetItem.tenant' uses both @NotFound and FetchType.LAZY;@ManyToOne and @OneToOne associations mapped with @NotFound are forced to EAGER fetching
2026-07-25T13:58:58.367+05:30  WARN 20400 --- [           main] org.hibernate.orm.boot                   : [traceId=, userId=, tenantId=] HHH160133: 'com.spiceflow.backend.sales.entity.LoadingSheetReturn.loadingSheet' uses both @NotFound and FetchType.LAZY;@ManyToOne and @OneToOne associations mapped with @NotFound are forced to EAGER fetching
2026-07-25T13:58:58.368+05:30  WARN 20400 --- [           main] org.hibernate.orm.boot                   : [traceId=, userId=, tenantId=] HHH160133: 'com.spiceflow.backend.sales.entity.LoadingSheetReturn.product' uses both @NotFound and FetchType.LAZY;@ManyToOne and @OneToOne associations mapped with @NotFound are forced to EAGER fetching
2026-07-25T13:58:58.371+05:30  WARN 20400 --- [           main] org.hibernate.orm.boot                   : [traceId=, userId=, tenantId=] HHH160133: 'com.spiceflow.backend.sales.entity.LoadingSheetReturn.tenant' uses both @NotFound and FetchType.LAZY;@ManyToOne and @OneToOne associations mapped with @NotFound are forced to EAGER fetching
2026-07-25T13:58:58.389+05:30  WARN 20400 --- [           main] org.hibernate.orm.boot                   : [traceId=, userId=, tenantId=] HHH160133: 'com.spiceflow.backend.sales.entity.Rep.tenant' uses both @NotFound and FetchType.LAZY;@ManyToOne and @OneToOne associations mapped with @NotFound are forced to EAGER fetching
2026-07-25T13:58:58.403+05:30  WARN 20400 --- [           main] org.hibernate.orm.boot                   : [traceId=, userId=, tenantId=] HHH160133: 'com.spiceflow.backend.sales.entity.RepOrder.rep' uses both @NotFound and FetchType.LAZY;@ManyToOne and @OneToOne associations mapped with @NotFound are forced to EAGER fetching
2026-07-25T13:58:58.407+05:30  WARN 20400 --- [           main] org.hibernate.orm.boot                   : [traceId=, userId=, tenantId=] HHH160133: 'com.spiceflow.backend.sales.entity.RepOrder.tenant' uses both @NotFound and FetchType.LAZY;@ManyToOne and @OneToOne associations mapped with @NotFound are forced to EAGER fetching
2026-07-25T13:58:58.418+05:30  WARN 20400 --- [           main] org.hibernate.orm.boot                   : [traceId=, userId=, tenantId=] HHH160133: 'com.spiceflow.backend.sales.entity.RepOrderItem.product' uses both @NotFound and FetchType.LAZY;@ManyToOne and @OneToOne associations mapped with @NotFound are forced to EAGER fetching
2026-07-25T13:58:58.420+05:30  WARN 20400 --- [           main] org.hibernate.orm.boot                   : [traceId=, userId=, tenantId=] HHH160133: 'com.spiceflow.backend.sales.entity.RepOrderItem.repOrderShop' uses both @NotFound and FetchType.LAZY;@ManyToOne and @OneToOne associations mapped with @NotFound are forced to EAGER fetching
2026-07-25T13:58:58.422+05:30  WARN 20400 --- [           main] org.hibernate.orm.boot                   : [traceId=, userId=, tenantId=] HHH160133: 'com.spiceflow.backend.sales.entity.RepOrderItem.tenant' uses both @NotFound and FetchType.LAZY;@ManyToOne and @OneToOne associations mapped with @NotFound are forced to EAGER fetching
2026-07-25T13:58:58.436+05:30  WARN 20400 --- [           main] org.hibernate.orm.boot                   : [traceId=, userId=, tenantId=] HHH160133: 'com.spiceflow.backend.sales.entity.RepOrderShop.repOrder' uses both @NotFound and FetchType.LAZY;@ManyToOne and @OneToOne associations mapped with @NotFound are forced to EAGER fetching
2026-07-25T13:58:58.437+05:30  WARN 20400 --- [           main] org.hibernate.orm.boot                   : [traceId=, userId=, tenantId=] HHH160133: 'com.spiceflow.backend.sales.entity.RepOrderShop.returnWarehouse' uses both @NotFound and FetchType.LAZY;@ManyToOne and @OneToOne associations mapped with @NotFound are forced to EAGER fetching
2026-07-25T13:58:58.440+05:30  WARN 20400 --- [           main] org.hibernate.orm.boot                   : [traceId=, userId=, tenantId=] HHH160133: 'com.spiceflow.backend.sales.entity.RepOrderShop.shop' uses both @NotFound and FetchType.LAZY;@ManyToOne and @OneToOne associations mapped with @NotFound are forced to EAGER fetching
2026-07-25T13:58:58.442+05:30  WARN 20400 --- [           main] org.hibernate.orm.boot                   : [traceId=, userId=, tenantId=] HHH160133: 'com.spiceflow.backend.sales.entity.RepOrderShop.tenant' uses both @NotFound and FetchType.LAZY;@ManyToOne and @OneToOne associations mapped with @NotFound are forced to EAGER fetching
2026-07-25T13:58:58.457+05:30  WARN 20400 --- [           main] org.hibernate.orm.boot                   : [traceId=, userId=, tenantId=] HHH160133: 'com.spiceflow.backend.sales.entity.Shop.assignedRep' uses both @NotFound and FetchType.LAZY;@ManyToOne and @OneToOne associations mapped with @NotFound are forced to EAGER fetching
2026-07-25T13:58:58.463+05:30  WARN 20400 --- [           main] org.hibernate.orm.boot                   : [traceId=, userId=, tenantId=] HHH160133: 'com.spiceflow.backend.sales.entity.Shop.tenant' uses both @NotFound and FetchType.LAZY;@ManyToOne and @OneToOne associations mapped with @NotFound are forced to EAGER fetching
2026-07-25T13:58:58.473+05:30  WARN 20400 --- [           main] org.hibernate.orm.boot                   : [traceId=, userId=, tenantId=] HHH160133: 'com.spiceflow.backend.sales.entity.ShopReturn.product' uses both @NotFound and FetchType.LAZY;@ManyToOne and @OneToOne associations mapped with @NotFound are forced to EAGER fetching
2026-07-25T13:58:58.475+05:30  WARN 20400 --- [           main] org.hibernate.orm.boot                   : [traceId=, userId=, tenantId=] HHH160133: 'com.spiceflow.backend.sales.entity.ShopReturn.repOrderShop' uses both @NotFound and FetchType.LAZY;@ManyToOne and @OneToOne associations mapped with @NotFound are forced to EAGER fetching
2026-07-25T13:58:58.477+05:30  WARN 20400 --- [           main] org.hibernate.orm.boot                   : [traceId=, userId=, tenantId=] HHH160133: 'com.spiceflow.backend.sales.entity.ShopReturn.tenant' uses both @NotFound and FetchType.LAZY;@ManyToOne and @OneToOne associations mapped with @NotFound are forced to EAGER fetching
2026-07-25T13:58:58.492+05:30  WARN 20400 --- [           main] org.hibernate.orm.boot                   : [traceId=, userId=, tenantId=] HHH160133: 'com.spiceflow.backend.sales.entity.ShopVisit.delivery' uses both @NotFound and FetchType.LAZY;@ManyToOne and @OneToOne associations mapped with @NotFound are forced to EAGER fetching
2026-07-25T13:58:58.493+05:30  WARN 20400 --- [           main] org.hibernate.orm.boot                   : [traceId=, userId=, tenantId=] HHH160133: 'com.spiceflow.backend.sales.entity.ShopVisit.driver' uses both @NotFound and FetchType.LAZY;@ManyToOne and @OneToOne associations mapped with @NotFound are forced to EAGER fetching
2026-07-25T13:58:58.496+05:30  WARN 20400 --- [           main] org.hibernate.orm.boot                   : [traceId=, userId=, tenantId=] HHH160133: 'com.spiceflow.backend.sales.entity.ShopVisit.shop' uses both @NotFound and FetchType.LAZY;@ManyToOne and @OneToOne associations mapped with @NotFound are forced to EAGER fetching
2026-07-25T13:58:58.497+05:30  WARN 20400 --- [           main] org.hibernate.orm.boot                   : [traceId=, userId=, tenantId=] HHH160133: 'com.spiceflow.backend.sales.entity.ShopVisit.tenant' uses both @NotFound and FetchType.LAZY;@ManyToOne and @OneToOne associations mapped with @NotFound are forced to EAGER fetching
2026-07-25T13:58:58.504+05:30  WARN 20400 --- [           main] org.hibernate.orm.boot                   : [traceId=, userId=, tenantId=] HHH160133: 'com.spiceflow.backend.sales.loading.entity.LoadingSheetItemWorkflowEntity.loadingSheet' uses both @NotFound and FetchType.LAZY;@ManyToOne and @OneToOne associations mapped with @NotFound are forced to EAGER fetching
2026-07-25T13:58:58.514+05:30  WARN 20400 --- [           main] org.hibernate.orm.boot                   : [traceId=, userId=, tenantId=] HHH160133: 'com.spiceflow.backend.sales.loading.entity.LoadingSheetReturnWorkflowEntity.loadingSheet' uses both @NotFound and FetchType.LAZY;@ManyToOne and @OneToOne associations mapped with @NotFound are forced to EAGER fetching
2026-07-25T13:58:58.549+05:30  WARN 20400 --- [           main] org.hibernate.orm.boot                   : [traceId=, userId=, tenantId=] HHH160133: 'com.spiceflow.backend.sales.order.entity.RepOrderItemWorkflowEntity.repOrderShop' uses both @NotFound and FetchType.LAZY;@ManyToOne and @OneToOne associations mapped with @NotFound are forced to EAGER fetching
2026-07-25T13:58:58.564+05:30  WARN 20400 --- [           main] org.hibernate.orm.boot                   : [traceId=, userId=, tenantId=] HHH160133: 'com.spiceflow.backend.sales.order.entity.RepOrderShopWorkflowEntity.repOrder' uses both @NotFound and FetchType.LAZY;@ManyToOne and @OneToOne associations mapped with @NotFound are forced to EAGER fetching
2026-07-25T13:58:58.594+05:30  WARN 20400 --- [           main] org.hibernate.orm.boot                   : [traceId=, userId=, tenantId=] HHH160133: 'com.spiceflow.backend.sales.order.entity.ShopReturnWorkflowEntity.repOrderShop' uses both @NotFound and FetchType.LAZY;@ManyToOne and @OneToOne associations mapped with @NotFound are forced to EAGER fetching
2026-07-25T13:59:11.616+05:30  INFO 20400 --- [           main] org.hibernate.orm.core                   : [traceId=, userId=, tenantId=] HHH000489: No JTA platform available (set 'hibernate.transaction.jta.platform' to enable JTA platform integration)
Hibernate: drop table if exists audit_entries cascade 
Hibernate: drop table if exists business_owner_tenants cascade 
Hibernate: drop table if exists business_types cascade 
Hibernate: drop table if exists cash_collections cascade 
Hibernate: drop table if exists deliveries cascade 
Hibernate: drop table if exists delivery_payments cascade 
Hibernate: drop table if exists delivery_shop_items cascade 
Hibernate: drop table if exists delivery_shop_returns cascade 
Hibernate: drop table if exists delivery_shops cascade 
Hibernate: drop table if exists drivers cascade 
Hibernate: drop table if exists expenses cascade 
Hibernate: drop table if exists goods_receipt_lines cascade 
Hibernate: drop table if exists goods_receipts cascade 
Hibernate: drop table if exists inventory_items cascade 
Hibernate: drop table if exists inventory_ledger_entries cascade 
Hibernate: drop table if exists inventory_transactions cascade 
Hibernate: drop table if exists loading_sheet_items cascade 
Hibernate: drop table if exists loading_sheet_returns cascade 
Hibernate: drop table if exists loading_sheets cascade 
Hibernate: drop table if exists permissions cascade 
Hibernate: drop table if exists platform_admins cascade 
Hibernate: drop table if exists product_categories cascade 
Hibernate: drop table if exists products cascade 
Hibernate: drop table if exists purchase_line_items cascade 
Hibernate: drop table if exists purchase_order_lines cascade 
Hibernate: drop table if exists purchase_orders cascade 
Hibernate: drop table if exists purchase_return_items cascade 
Hibernate: drop table if exists purchases cascade 
Hibernate: drop table if exists refresh_tokens cascade 
Hibernate: drop table if exists rep_order_items cascade 
Hibernate: drop table if exists rep_order_shops cascade 
Hibernate: drop table if exists rep_orders cascade 
Hibernate: drop table if exists reps cascade 
Hibernate: drop table if exists role_permissions cascade 
Hibernate: drop table if exists roles cascade 
Hibernate: drop table if exists shop_returns cascade 
Hibernate: drop table if exists shop_visits cascade 
Hibernate: drop table if exists shops cascade 
Hibernate: drop table if exists suppliers cascade 
Hibernate: drop table if exists tenants cascade 
Hibernate: drop table if exists users cascade 
Hibernate: drop table if exists warehouse_transfer_lines cascade 
Hibernate: drop table if exists warehouse_transfers cascade 
Hibernate: drop table if exists warehouses cascade 
Hibernate: create table audit_entries (id bigint generated by default as identity, tenant_id bigint not null, timestamp timestamp(6) with time zone not null, user_id bigint not null, from_state varchar(50) not null, to_state varchar(50) not null, aggregate_id varchar(100), command_name varchar(100) not null, correlation_id varchar(100) not null, comment varchar(1000), primary key (id))
Hibernate: create table business_owner_tenants (created_at timestamp(6) with time zone not null, id bigint generated by default as identity, tenant_id bigint not null, user_id bigint not null, primary key (id), unique (user_id, tenant_id))
Hibernate: create table business_types (created_at timestamp(6) with time zone, id bigint generated by default as identity, updated_at timestamp(6) with time zone, name varchar(50) not null unique, description varchar(255), primary key (id))
Hibernate: create table cash_collections (amount numeric(19,2) not null, cheque_date date, collection_date date not null, cancelled_at timestamp(6) with time zone, confirmed_at timestamp(6) with time zone, created_at timestamp(6) with time zone not null, id bigint generated by default as identity, rep_id bigint, shop_id bigint not null, tenant_id bigint not null, updated_at timestamp(6) with time zone not null, version bigint, cancelled_by varchar(255), cheque_bank_name varchar(255), cheque_no varchar(255), collection_number varchar(255) not null unique, confirmed_by varchar(255), correlation_id varchar(255) not null, created_by varchar(255) not null, notes varchar(255), payment_method varchar(255) not null, status enum ('CANCELLED','CONFIRMED','PENDING') not null, primary key (id))
Hibernate: create table deliveries (delivery_date date not null, total_collected_amount numeric(15,2) not null, total_returns_value numeric(15,2) not null, total_sales_value numeric(15,2) not null, cancelled_at timestamp(6) with time zone, completed_at timestamp(6) with time zone, created_at timestamp(6) with time zone not null, deleted_at timestamp(6) with time zone, dispatched_at timestamp(6) with time zone, id bigint generated by default as identity, loading_sheet_id bigint not null, tenant_id bigint not null, updated_at timestamp(6) with time zone not null, version bigint, cancelled_by varchar(255), completed_by varchar(255), created_by varchar(255), delivery_number varchar(255), dispatched_by varchar(255), last_modified_by varchar(255), status enum ('CANCELLED','COMPLETED','DISPATCHED','IN_PROGRESS') not null, primary key (id))
Hibernate: create table delivery_payments (amount numeric(15,2) not null, cheque_date date, created_at timestamp(6) with time zone, delivery_shop_id bigint not null, id bigint generated by default as identity, tenant_id bigint not null, cheque_no varchar(50), payment_method varchar(50) not null, cheque_bank_name varchar(100), primary key (id))
Hibernate: create table delivery_shop_items (discount_amount numeric(15,2) not null, gross_amount numeric(15,2) not null, is_free_item boolean not null, net_amount numeric(15,2) not null, quantity_delivered integer not null, rate numeric(15,2) not null, created_at timestamp(6) with time zone, delivery_shop_id bigint not null, id bigint generated by default as identity, product_id bigint not null, tenant_id bigint not null, unit_type varchar(10), primary key (id))
Hibernate: create table delivery_shop_returns (credit_value numeric(15,2) not null, quantity_returned integer not null, created_at timestamp(6) with time zone, delivery_shop_id bigint not null, id bigint generated by default as identity, product_id bigint not null, tenant_id bigint not null, unit_type varchar(10), return_type varchar(50) not null, primary key (id))
Hibernate: create table delivery_shops (credit_amount numeric(15,2) not null, distance_from_shop float(53), gross_bill_amount numeric(15,2) not null, latitude float(53), location_accuracy float(53), location_verified boolean, longitude float(53), net_payable numeric(15,2) not null, paid_amount numeric(15,2) not null, returns_deducted numeric(15,2) not null, total_discount numeric(15,2) not null, created_at timestamp(6) with time zone, delivery_id bigint not null, id bigint generated by default as identity, shop_id bigint not null, tenant_id bigint not null, notes varchar(500), primary key (id))
Hibernate: create table drivers (employment_date date, is_active boolean not null, license_expiry date, termination_date date, created_at timestamp(6) with time zone not null, default_warehouse_id bigint, deleted_at timestamp(6) with time zone, id bigint generated by default as identity, tenant_id bigint not null, updated_at timestamp(6) with time zone not null, employee_id varchar(50), license_number varchar(50), phone varchar(50), assigned_vehicle varchar(100), email varchar(100), name varchar(100) not null, created_by varchar(255), last_modified_by varchar(255), license_class enum ('ARTICULATED','HEAVY','LIGHT'), status enum ('AVAILABLE','ON_LEAVE','ON_ROUTE','SUSPENDED') not null, primary key (id))
Hibernate: create table expenses (amount numeric(12,2) not null, date date not null, created_at timestamp(6), id bigint generated by default as identity, tenant_id bigint not null, updated_at timestamp(6), category varchar(255) not null, description TEXT, primary key (id))
Hibernate: create table goods_receipt_lines (accepted_qty numeric(19,2) not null, damaged_qty numeric(19,2) not null, expected_qty numeric(19,2) not null, expiration_date date, line_total numeric(19,2) not null, received_qty numeric(19,2) not null, unit_price numeric(19,2) not null, goods_receipt_id bigint not null, id bigint generated by default as identity, product_id bigint not null, lot_number varchar(255) not null, primary key (id))
Hibernate: create table goods_receipts (total_accepted_value numeric(19,2) not null, total_damaged_value numeric(19,2) not null, created_at timestamp(6) with time zone not null, id bigint generated by default as identity, posted_at timestamp(6) with time zone, purchase_order_id bigint, receipt_date timestamp(6) with time zone not null, supplier_id bigint not null, tenant_id bigint not null, updated_at timestamp(6) with time zone not null, verified_at timestamp(6) with time zone, version bigint, warehouse_id bigint not null, created_by varchar(255) not null, po_number varchar(255) not null, posted_by varchar(255), receipt_number varchar(255) not null unique, verified_by varchar(255), status enum ('CANCELLED','DRAFT','INSPECTING','POSTED','VERIFIED') not null, primary key (id))
Hibernate: create table inventory_items (expiration_date date, quantity_available integer not null, quantity_reserved integer not null, created_at timestamp(6) with time zone not null, deleted_at timestamp(6) with time zone, id bigint generated by default as identity, product_id bigint not null, tenant_id bigint not null, updated_at timestamp(6) with time zone not null, version bigint not null, warehouse_id bigint not null, batch_number varchar(100), created_by varchar(255), last_modified_by varchar(255), primary key (id))
Hibernate: create table inventory_ledger_entries (expiration_date date, quantity numeric(19,2) not null, total_value numeric(19,2) not null, unit_cost numeric(19,2) not null, id bigint generated by default as identity, product_id bigint not null, tenant_id bigint not null, timestamp timestamp(6) with time zone not null, warehouse_id bigint not null, reference_id varchar(50) not null, lot_number varchar(100) not null, performed_by varchar(100) not null, movement_type enum ('ADJUSTMENT_IN','ADJUSTMENT_OUT','DAMAGED','DELIVERY','INITIAL_STOCK','RECEIPT','TRANSFER_IN','TRANSFER_OUT') not null, primary key (id))
Hibernate: create table inventory_transactions (quantity integer not null, created_at timestamp(6) with time zone not null, deleted_at timestamp(6) with time zone, id bigint generated by default as identity, inventory_item_id bigint not null, tenant_id bigint not null, updated_at timestamp(6) with time zone not null, transaction_type varchar(50) not null, created_by varchar(255), last_modified_by varchar(255), notes TEXT, reference_id varchar(255), primary key (id))
Hibernate: create table loading_sheet_items (quantity_loaded integer not null, created_at timestamp(6) with time zone, id bigint generated by default as identity, loading_sheet_id bigint not null, product_id bigint not null, tenant_id bigint not null, unit_type varchar(10), primary key (id))
Hibernate: create table loading_sheet_returns (quantity_returned integer not null, created_at timestamp(6) with time zone, id bigint generated by default as identity, loading_sheet_id bigint not null, product_id bigint not null, tenant_id bigint not null, unit_type varchar(10), return_type varchar(50) not null, primary key (id))
Hibernate: create table loading_sheets (loading_date date not null, cancelled_at timestamp(6) with time zone, confirmed_at timestamp(6) with time zone, created_at timestamp(6) with time zone not null, deleted_at timestamp(6) with time zone, driver_id bigint not null, id bigint generated by default as identity, rep_order_id bigint not null, tenant_id bigint not null, updated_at timestamp(6) with time zone not null, version bigint, sheet_number varchar(50), status varchar(50) not null, cancelled_by varchar(255), confirmed_by varchar(255), created_by varchar(255), last_modified_by varchar(255), primary key (id))
Hibernate: create table permissions (created_at timestamp(6) with time zone not null, id bigint generated by default as identity, module varchar(50) not null, code varchar(100) not null unique, description varchar(255) not null, primary key (id))
Hibernate: create table platform_admins (created_at timestamp(6) with time zone not null, deleted_at timestamp(6) with time zone, id bigint generated by default as identity, updated_at timestamp(6) with time zone not null, created_by varchar(255), email varchar(255) not null unique, last_modified_by varchar(255), name varchar(255) not null, password_hash varchar(255) not null, primary key (id))
Hibernate: create table product_categories (created_at timestamp(6) with time zone not null, deleted_at timestamp(6) with time zone, id bigint generated by default as identity, parent_category_id bigint, tenant_id bigint not null, updated_at timestamp(6) with time zone not null, created_by varchar(255), description TEXT, last_modified_by varchar(255), name varchar(255) not null, primary key (id))
Hibernate: create table products (base_price numeric(10,2), items_per_sold_unit integer, rate_per_sold_unit numeric(15,2), sold_units_per_box integer, category_id bigint, created_at timestamp(6) with time zone not null, deleted_at timestamp(6) with time zone, id bigint generated by default as identity, supplier_id bigint, tenant_id bigint not null, updated_at timestamp(6) with time zone not null, unit_type varchar(10), net_weight varchar(20), box_configuration varchar(50), unit_of_measure varchar(50), sku varchar(100) not null, created_by varchar(255), description TEXT, last_modified_by varchar(255), name varchar(255) not null, primary key (id))
Hibernate: create table purchase_line_items (amount numeric(15,2) not null, no_of_boxes integer not null, rate numeric(15,2) not null, sold_quantity integer not null, created_at timestamp(6) with time zone, id bigint generated by default as identity, product_id bigint not null, purchase_id bigint not null, tenant_id bigint not null, unit_type varchar(10), primary key (id))
Hibernate: create table purchase_order_lines (line_total numeric(19,2) not null, quantity numeric(19,2) not null, unit_price numeric(19,2) not null, id bigint generated by default as identity, product_id bigint not null, purchase_order_id bigint not null, primary key (id))
Hibernate: create table purchase_orders (total_amount numeric(19,2) not null, created_at timestamp(6) with time zone not null, id bigint generated by default as identity, order_date timestamp(6) with time zone not null, received_at timestamp(6) with time zone, submitted_at timestamp(6) with time zone, supplier_id bigint not null, tenant_id bigint not null, updated_at timestamp(6) with time zone not null, version bigint, correlation_id varchar(255) not null unique, created_by varchar(255) not null, status enum ('APPROVED','CLOSED','DRAFT','ORDERED','PARTIALLY_RECEIVED','RECEIVED','REJECTED','SUBMITTED') not null, primary key (id))
Hibernate: create table purchase_return_items (amount numeric(15,2) not null, quantity integer not null, rate numeric(15,2) not null, created_at timestamp(6) with time zone, id bigint generated by default as identity, product_id bigint not null, purchase_id bigint not null, tenant_id bigint not null, unit_type varchar(10), primary key (id))
Hibernate: create table purchases (cheque_amount numeric(15,2), discount_amount numeric(15,2) not null, gross_weight_kg numeric(10,2), invoice_date date not null, net_amount numeric(15,2) not null, returns_deducted_amount numeric(15,2) not null, total_boxes integer not null, total_order_value numeric(15,2) not null, value_of_supply numeric(15,2) not null, vat_amount numeric(15,2) not null, created_at timestamp(6) with time zone not null, deleted_at timestamp(6) with time zone, id bigint generated by default as identity, return_warehouse_id bigint, supplier_id bigint not null, tenant_id bigint not null, updated_at timestamp(6) with time zone not null, payment_method varchar(50) not null, status varchar(50) not null, cheque_bank_name varchar(100), cheque_no varchar(100), invoice_no varchar(100) not null, lc_no varchar(100), order_no varchar(100), created_by varchar(255), last_modified_by varchar(255), notes TEXT, primary key (id))
Hibernate: create table refresh_tokens (created_at timestamp(6) with time zone not null, expires_at timestamp(6) with time zone not null, id bigint generated by default as identity, platform_admin_id bigint, revoked_at timestamp(6) with time zone, user_id bigint, token_hash varchar(255) not null unique, primary key (id))
Hibernate: create table rep_order_items (boxes_needed integer not null, gross_amount numeric(15,2) not null, is_free_item boolean not null, net_amount numeric(15,2) not null, quantity integer not null, rate numeric(15,2) not null, created_at timestamp(6) with time zone, id bigint generated by default as identity, product_id bigint not null, rep_order_shop_id bigint not null, tenant_id bigint not null, unit_type varchar(10), primary key (id))
Hibernate: create table rep_order_shops (discount_amount numeric(15,2) not null, gross_order_amount numeric(15,2) not null, net_amount numeric(15,2) not null, returns_value numeric(15,2) not null, reverse_grts numeric(15,2) not null, sku_discount_amount numeric(15,2) not null, created_at timestamp(6) with time zone, id bigint generated by default as identity, rep_order_id bigint not null, return_warehouse_id bigint, shop_id bigint not null, tenant_id bigint not null, primary key (id))
Hibernate: create table rep_orders (net_amount numeric(15,2) not null, order_date date not null, total_gross_amount numeric(15,2) not null, total_returns_value numeric(15,2) not null, approved_at timestamp(6) with time zone, created_at timestamp(6) with time zone not null, deleted_at timestamp(6) with time zone, delivered_at timestamp(6) with time zone, id bigint generated by default as identity, loaded_at timestamp(6) with time zone, rep_id bigint not null, tenant_id bigint not null, updated_at timestamp(6) with time zone not null, version bigint, loading_status varchar(50) not null, order_number varchar(50), status varchar(50) not null, route_area varchar(100), approved_by varchar(255), created_by varchar(255), delivered_by varchar(255), last_modified_by varchar(255), loaded_by varchar(255), primary key (id))
Hibernate: create table reps (employment_date date, is_active boolean not null, termination_date date, created_at timestamp(6) with time zone not null, deleted_at timestamp(6) with time zone, id bigint generated by default as identity, tenant_id bigint not null, updated_at timestamp(6) with time zone not null, employee_id varchar(50), phone varchar(50), area varchar(100), email varchar(100), name varchar(100) not null, created_by varchar(255), last_modified_by varchar(255), primary key (id))
Hibernate: create table role_permissions (permission_id bigint not null, role_id bigint not null, primary key (permission_id, role_id))
Hibernate: create table roles (is_system_role boolean not null, created_at timestamp(6) with time zone not null, deleted_at timestamp(6) with time zone, id bigint generated by default as identity, tenant_id bigint not null, updated_at timestamp(6) with time zone not null, name varchar(100) not null, created_by varchar(255), description varchar(255), last_modified_by varchar(255), primary key (id))
Hibernate: create table shop_returns (credit_value numeric(15,2) not null, quantity integer not null, created_at timestamp(6) with time zone, id bigint generated by default as identity, product_id bigint not null, rep_order_shop_id bigint, tenant_id bigint not null, unit_type varchar(10), return_type varchar(50) not null, status varchar(50) not null, primary key (id))
Hibernate: create table shop_visits (latitude float(53), longitude float(53), verified boolean, created_at timestamp(6) with time zone not null, deleted_at timestamp(6) with time zone, delivery_id bigint, driver_id bigint, id bigint generated by default as identity, qr_scanned_at timestamp(6) with time zone, shop_id bigint not null, tenant_id bigint not null, updated_at timestamp(6) with time zone not null, visited_at timestamp(6) with time zone, notes varchar(500), created_by varchar(255), last_modified_by varchar(255), primary key (id))
Hibernate: create table shops (is_active boolean not null, latitude numeric(10,7), longitude numeric(10,7), outstanding_loan numeric(15,2) not null, assigned_rep_id bigint, created_at timestamp(6) with time zone not null, deleted_at timestamp(6) with time zone, id bigint generated by default as identity, tenant_id bigint not null, updated_at timestamp(6) with time zone not null, qr_code_token varchar(36) unique, phone varchar(50), area varchar(100), name varchar(100) not null, owner_name varchar(100), route varchar(100), address TEXT, created_by varchar(255), last_modified_by varchar(255), primary key (id))
Hibernate: create table suppliers (created_at timestamp(6) with time zone not null, deleted_at timestamp(6) with time zone, id bigint generated by default as identity, tenant_id bigint not null, updated_at timestamp(6) with time zone not null, contact_phone varchar(50), tax_id varchar(100), address TEXT, contact_email varchar(255), created_by varchar(255), last_modified_by varchar(255), name varchar(255) not null, primary key (id))
Hibernate: create table tenants (trial_end_date date, trial_start_date date, business_type_id bigint not null, created_at timestamp(6) with time zone not null, deleted_at timestamp(6) with time zone, id bigint generated by default as identity, updated_at timestamp(6) with time zone not null, status varchar(20) not null, plan varchar(50) not null, business_name varchar(255) not null, created_by varchar(255), email varchar(255) not null unique, last_modified_by varchar(255), primary key (id))
Hibernate: create table users (failed_login_attempts integer not null, password_change_required boolean not null, created_at timestamp(6) with time zone not null, deleted_at timestamp(6) with time zone, id bigint generated by default as identity, locked_until timestamp(6) with time zone, role_id bigint, tenant_id bigint, updated_at timestamp(6) with time zone not null, user_type varchar(30) not null, created_by varchar(255), email varchar(255) not null unique, last_modified_by varchar(255), name varchar(255) not null, password_hash varchar(255) not null, primary key (id))
Hibernate: create table warehouse_transfer_lines (damaged_qty numeric(19,2) not null, line_total numeric(19,2) not null, received_qty numeric(19,2) not null, requested_qty numeric(19,2) not null, shipped_qty numeric(19,2) not null, unit_cost numeric(19,2) not null, id bigint generated by default as identity, product_id bigint not null, warehouse_transfer_id bigint not null, lot_number varchar(255) not null, primary key (id))
Hibernate: create table warehouse_transfers (total_transfer_value numeric(19,2) not null, approved_at timestamp(6) with time zone, created_at timestamp(6) with time zone not null, from_warehouse_id bigint not null, id bigint generated by default as identity, received_at timestamp(6) with time zone, request_date timestamp(6) with time zone not null, shipped_at timestamp(6) with time zone, tenant_id bigint not null, to_warehouse_id bigint not null, updated_at timestamp(6) with time zone not null, version bigint, approved_by varchar(255), created_by varchar(255) not null, received_by varchar(255), shipped_by varchar(255), transfer_number varchar(255) not null unique, status enum ('APPROVED','CANCELLED','DRAFT','RECEIVED','REQUESTED','SHIPPED') not null, primary key (id))
Hibernate: create table warehouses (capacity integer, is_system_store boolean not null, created_at timestamp(6) with time zone not null, deleted_at timestamp(6) with time zone, id bigint generated by default as identity, tenant_id bigint not null, updated_at timestamp(6) with time zone not null, store_type varchar(30) not null, created_by varchar(255), description varchar(255), last_modified_by varchar(255), location TEXT, name varchar(255) not null, primary key (id))
Hibernate: alter table if exists role_permissions add constraint FKegdk29eiy7mdtefy5c7eirr6e foreign key (permission_id) references permissions
Hibernate: alter table if exists role_permissions add constraint FKn5fotdgk8d1xvo8nav9uv3muc foreign key (role_id) references roles
2026-07-25T13:59:12.542+05:30  INFO 20400 --- [           main] j.LocalContainerEntityManagerFactoryBean : [traceId=, userId=, tenantId=] Initialized JPA EntityManagerFactory for persistence unit 'default'
2026-07-25T13:59:13.950+05:30  INFO 20400 --- [           main] o.s.d.j.r.query.QueryEnhancerFactories   : [traceId=, userId=, tenantId=] Hibernate is in classpath; If applicable, HQL parser will be used.
2026-07-25T13:59:41.632+05:30  WARN 20400 --- [           main] .s.a.UserDetailsServiceAutoConfiguration : [traceId=, userId=, tenantId=] 

Using generated security password: 23f5dd61-c3f0-4297-b060-3e700cc88413

This generated password is for development use only. Your security configuration must be updated before running your application in production.

2026-07-25T13:59:41.740+05:30  INFO 20400 --- [           main] r$InitializeUserDetailsManagerConfigurer : [traceId=, userId=, tenantId=] Global AuthenticationManager configured with UserDetailsService bean with name inMemoryUserDetailsManager
2026-07-25T13:59:46.671+05:30  INFO 20400 --- [           main] o.s.b.a.e.web.EndpointLinksResolver      : [traceId=, userId=, tenantId=] Exposing 4 endpoints beneath base path '/actuator'
2026-07-25T13:59:47.967+05:30  WARN 20400 --- [           main] ion$DefaultTemplateResolverConfiguration : [traceId=, userId=, tenantId=] Cannot find template location: classpath:/templates/ (please add some templates, check your Thymeleaf configuration, or set spring.thymeleaf.check-template-location=false)
2026-07-25T13:59:52.285+05:30  INFO 20400 --- [           main] c.s.b.a.s.AdminServiceIntegrationTest    : [traceId=, userId=, tenantId=] Started AdminServiceIntegrationTest in 93.857 seconds (process running for 114.958)
Hibernate: select count(*) from tenants t1_0 where (t1_0.deleted_at IS NULL)
Hibernate: select count(*) from users u1_0 where (u1_0.deleted_at IS NULL)
Hibernate: insert into business_types (created_at,description,name,updated_at,id) values (?,?,?,?,default)
]]></system-out>
    <system-err><![CDATA[13:58:21,571 |-WARN in ch.qos.logback.core.model.processor.AppenderModelHandler - Appender named [JSON_CONSOLE] not referenced. Skipping further processing.
Mockito is currently self-attaching to enable the inline-mock-maker. This will no longer work in future releases of the JDK. Please add Mockito as an agent to your build as described in Mockito's documentation: https://javadoc.io/doc/org.mockito/mockito-core/latest/org.mockito/org/mockito/Mockito.html#0.3
WARNING: A Java agent has been loaded dynamically (C:\Users\bdils\.m2\repository\net\bytebuddy\byte-buddy-agent\1.17.8\byte-buddy-agent-1.17.8.jar)
WARNING: If a serviceability tool is in use, please run with -XX:+EnableDynamicAgentLoading to hide this warning
WARNING: If a serviceability tool is not in use, please run with -Djdk.instrument.traceUsage for more information
WARNING: Dynamic loading of agents will be disallowed by default in a future release
]]></system-err>
  </testcase>
</testsuite>