<?xml version="1.0" encoding="UTF-8"?>
<testsuite xmlns:xsi="http://www.w3.org/2001/XMLSchema-instance" xsi:noNamespaceSchemaLocation="https://maven.apache.org/surefire/maven-surefire-plugin/xsd/surefire-test-report.xsd" version="3.0.2" name="com.spiceflow.backend.security.config.RateLimitIntegrationTest" time="22.335" tests="1" errors="0" skipped="0" failures="0" flakes="0">
  <properties>
[...]
</properties>
  <testcase name="shouldReturnTooManyRequestsWhenLimitExceeded" classname="com.spiceflow.backend.security.config.RateLimitIntegrationTest" time="0.615">
    <system-out><![CDATA[2026-07-25T13:20:40.849+05:30  INFO 20344 --- [           main] o.s.b.d.r.RestartApplicationListener     : [traceId=, userId=, tenantId=] Restart disabled due to context in which it is running

  .   ____          _            __ _ _
 /\\ / ___'_ __ _ _(_)_ __  __ _ \ \ \ \
( ( )\___ | '_ | '_| | '_ \/ _` | \ \ \ \
 \\/  ___)| |_)| | | | | || (_| |  ) ) ) )
  '  |____| .__|_| |_|_| |_\__, | / / / /
 =========|_|==============|___/=/_/_/_/

 :: Spring Boot ::                (v4.0.6)

2026-07-25T13:20:41.401+05:30  INFO 20344 --- [           main] c.s.b.s.config.RateLimitIntegrationTest  : [traceId=, userId=, tenantId=] Starting RateLimitIntegrationTest using Java 21.0.10 with PID 20344 (started by bdils in C:\Users\bdils\OneDrive\Desktop\Sysco\spice_business\spiceflow-backend)
2026-07-25T13:20:41.402+05:30 DEBUG 20344 --- [           main] c.s.b.s.config.RateLimitIntegrationTest  : [traceId=, userId=, tenantId=] Running with Spring Boot v4.0.6, Spring v7.0.7
2026-07-25T13:20:41.402+05:30  INFO 20344 --- [           main] c.s.b.s.config.RateLimitIntegrationTest  : [traceId=, userId=, tenantId=] The following 1 profile is active: "test"
2026-07-25T13:20:45.653+05:30  INFO 20344 --- [           main] .s.d.r.c.RepositoryConfigurationDelegate : [traceId=, userId=, tenantId=] Bootstrapping Spring Data JPA repositories in DEFAULT mode.
2026-07-25T13:20:46.834+05:30  INFO 20344 --- [           main] .s.d.r.c.RepositoryConfigurationDelegate : [traceId=, userId=, tenantId=] Finished Spring Data repository scanning in 1172 ms. Found 45 JPA repository interfaces.
2026-07-25T13:20:48.385+05:30  INFO 20344 --- [           main] org.hibernate.orm.jpa                    : [traceId=, userId=, tenantId=] HHH008540: Processing PersistenceUnitInfo [name: default]
2026-07-25T13:20:48.865+05:30  INFO 20344 --- [           main] o.s.o.j.p.SpringPersistenceUnitInfo      : [traceId=, userId=, tenantId=] No LoadTimeWeaver setup: ignoring JPA class transformer
2026-07-25T13:20:48.871+05:30  INFO 20344 --- [           main] com.zaxxer.hikari.HikariDataSource       : [traceId=, userId=, tenantId=] HikariPool-2 - Starting...
2026-07-25T13:20:48.882+05:30  INFO 20344 --- [           main] com.zaxxer.hikari.pool.HikariPool        : [traceId=, userId=, tenantId=] HikariPool-2 - Added connection conn6: url=jdbc:h2:mem:spiceflow_test user=SA
2026-07-25T13:20:48.883+05:30  INFO 20344 --- [           main] com.zaxxer.hikari.HikariDataSource       : [traceId=, userId=, tenantId=] HikariPool-2 - Start completed.
2026-07-25T13:20:48.884+05:30  WARN 20344 --- [           main] org.hibernate.orm.deprecation            : [traceId=, userId=, tenantId=] HHH90000025: H2Dialect does not need to be specified explicitly using 'hibernate.dialect' (remove the property setting and it will be selected by default)
2026-07-25T13:20:48.886+05:30  INFO 20344 --- [           main] org.hibernate.orm.connections.pooling    : [traceId=, userId=, tenantId=] HHH10001005: Database info:
	Database JDBC URL [jdbc:h2:mem:spiceflow_test]
	Database driver: H2 JDBC Driver
	Database dialect: H2Dialect
	Database version: 2.4.240
	Default catalog/schema: SPICEFLOW_TEST/PUBLIC
	Autocommit mode: undefined/unknown
	Isolation level: READ_COMMITTED [default READ_COMMITTED]
	JDBC fetch size: 100
	Pool: DataSourceConnectionProvider
	Minimum pool size: undefined/unknown
	Maximum pool size: undefined/unknown
2026-07-25T13:20:51.418+05:30  INFO 20344 --- [           main] org.hibernate.orm.core                   : [traceId=, userId=, tenantId=] HHH000489: No JTA platform available (set 'hibernate.transaction.jta.platform' to enable JTA platform integration)
Hibernate: drop table if exists audit_entries cascade 
Hibernate: drop table if exists business_owner_tenants cascade 
Hibernate: drop table if exists business_types cascade 
Hibernate: drop table if exists cash_collections cascade 
Hibernate: drop table if exists deliveries cascade 
Hibernate: drop table if exists delivery_payments cascade 
Hibernate: drop table if exists delivery_shop_items cascade 
Hibernate: drop table if exists delivery_shop_returns cascade 
Hibernate: drop table if exists delivery_shops cascade 
Hibernate: drop table if exists drivers cascade 
Hibernate: drop table if exists expenses cascade 
Hibernate: drop table if exists goods_receipt_lines cascade 
Hibernate: drop table if exists goods_receipts cascade 
Hibernate: drop table if exists inventory_items cascade 
Hibernate: drop table if exists inventory_ledger_entries cascade 
Hibernate: drop table if exists inventory_transactions cascade 
Hibernate: drop table if exists loading_sheet_items cascade 
Hibernate: drop table if exists loading_sheet_returns cascade 
Hibernate: drop table if exists loading_sheets cascade 
Hibernate: drop table if exists permissions cascade 
Hibernate: drop table if exists platform_admins cascade 
Hibernate: drop table if exists product_categories cascade 
Hibernate: drop table if exists products cascade 
Hibernate: drop table if exists purchase_line_items cascade 
Hibernate: drop table if exists purchase_order_lines cascade 
Hibernate: drop table if exists purchase_orders cascade 
Hibernate: drop table if exists purchase_return_items cascade 
Hibernate: drop table if exists purchases cascade 
Hibernate: drop table if exists refresh_tokens cascade 
Hibernate: drop table if exists rep_order_items cascade 
Hibernate: drop table if exists rep_order_shops cascade 
Hibernate: drop table if exists rep_orders cascade 
Hibernate: drop table if exists reps cascade 
Hibernate: drop table if exists role_permissions cascade 
Hibernate: drop table if exists roles cascade 
Hibernate: drop table if exists shop_returns cascade 
Hibernate: drop table if exists shop_visits cascade 
Hibernate: drop table if exists shops cascade 
Hibernate: drop table if exists suppliers cascade 
Hibernate: drop table if exists tenants cascade 
Hibernate: drop table if exists users cascade 
Hibernate: drop table if exists warehouse_transfer_lines cascade 
Hibernate: drop table if exists warehouse_transfers cascade 
Hibernate: drop table if exists warehouses cascade 
Hibernate: create table audit_entries (id bigint generated by default as identity, tenant_id bigint not null, timestamp timestamp(6) with time zone not null, user_id bigint not null, from_state varchar(50) not null, to_state varchar(50) not null, aggregate_id varchar(100), command_name varchar(100) not null, correlation_id varchar(100) not null, comment varchar(1000), primary key (id))
Hibernate: create table business_owner_tenants (created_at timestamp(6) with time zone not null, id bigint generated by default as identity, tenant_id bigint not null, user_id bigint not null, primary key (id), unique (user_id, tenant_id))
Hibernate: create table business_types (created_at timestamp(6) with time zone, id bigint generated by default as identity, updated_at timestamp(6) with time zone, name varchar(50) not null unique, description varchar(255), primary key (id))
Hibernate: create table cash_collections (amount numeric(19,2) not null, cheque_date date, collection_date date not null, cancelled_at timestamp(6) with time zone, confirmed_at timestamp(6) with time zone, created_at timestamp(6) with time zone not null, id bigint generated by default as identity, rep_id bigint, shop_id bigint not null, tenant_id bigint not null, updated_at timestamp(6) with time zone not null, version bigint, cancelled_by varchar(255), cheque_bank_name varchar(255), cheque_no varchar(255), collection_number varchar(255) not null unique, confirmed_by varchar(255), correlation_id varchar(255) not null, created_by varchar(255) not null, notes varchar(255), payment_method varchar(255) not null, status enum ('CANCELLED','CONFIRMED','PENDING') not null, primary key (id))
Hibernate: create table deliveries (delivery_date date not null, total_collected_amount numeric(15,2) not null, total_returns_value numeric(15,2) not null, total_sales_value numeric(15,2) not null, cancelled_at timestamp(6) with time zone, completed_at timestamp(6) with time zone, created_at timestamp(6) with time zone not null, deleted_at timestamp(6) with time zone, dispatched_at timestamp(6) with time zone, id bigint generated by default as identity, loading_sheet_id bigint not null, tenant_id bigint not null, updated_at timestamp(6) with time zone not null, version bigint, cancelled_by varchar(255), completed_by varchar(255), created_by varchar(255), delivery_number varchar(255), dispatched_by varchar(255), last_modified_by varchar(255), status enum ('CANCELLED','COMPLETED','DISPATCHED','IN_PROGRESS') not null, primary key (id))
Hibernate: create table delivery_payments (amount numeric(15,2) not null, cheque_date date, created_at timestamp(6) with time zone, delivery_shop_id bigint not null, id bigint generated by default as identity, tenant_id bigint not null, cheque_no varchar(50), payment_method varchar(50) not null, cheque_bank_name varchar(100), primary key (id))
Hibernate: create table delivery_shop_items (discount_amount numeric(15,2) not null, gross_amount numeric(15,2) not null, is_free_item boolean not null, net_amount numeric(15,2) not null, quantity_delivered integer not null, rate numeric(15,2) not null, created_at timestamp(6) with time zone, delivery_shop_id bigint not null, id bigint generated by default as identity, product_id bigint not null, tenant_id bigint not null, unit_type varchar(10), primary key (id))
Hibernate: create table delivery_shop_returns (credit_value numeric(15,2) not null, quantity_returned integer not null, created_at timestamp(6) with time zone, delivery_shop_id bigint not null, id bigint generated by default as identity, product_id bigint not null, tenant_id bigint not null, unit_type varchar(10), return_type varchar(50) not null, primary key (id))
Hibernate: create table delivery_shops (credit_amount numeric(15,2) not null, distance_from_shop float(53), gross_bill_amount numeric(15,2) not null, latitude float(53), location_accuracy float(53), location_verified boolean, longitude float(53), net_payable numeric(15,2) not null, paid_amount numeric(15,2) not null, returns_deducted numeric(15,2) not null, total_discount numeric(15,2) not null, created_at timestamp(6) with time zone, delivery_id bigint not null, id bigint generated by default as identity, shop_id bigint not null, tenant_id bigint not null, notes varchar(500), primary key (id))
Hibernate: create table drivers (employment_date date, is_active boolean not null, license_expiry date, termination_date date, created_at timestamp(6) with time zone not null, default_warehouse_id bigint, deleted_at timestamp(6) with time zone, id bigint generated by default as identity, tenant_id bigint not null, updated_at timestamp(6) with time zone not null, employee_id varchar(50), license_number varchar(50), phone varchar(50), assigned_vehicle varchar(100), email varchar(100), name varchar(100) not null, created_by varchar(255), last_modified_by varchar(255), license_class enum ('ARTICULATED','HEAVY','LIGHT'), status enum ('AVAILABLE','ON_LEAVE','ON_ROUTE','SUSPENDED') not null, primary key (id))
Hibernate: create table expenses (amount numeric(12,2) not null, date date not null, created_at timestamp(6), id bigint generated by default as identity, tenant_id bigint not null, updated_at timestamp(6), category varchar(255) not null, description TEXT, primary key (id))
Hibernate: create table goods_receipt_lines (accepted_qty numeric(19,2) not null, damaged_qty numeric(19,2) not null, expected_qty numeric(19,2) not null, expiration_date date, line_total numeric(19,2) not null, received_qty numeric(19,2) not null, unit_price numeric(19,2) not null, goods_receipt_id bigint not null, id bigint generated by default as identity, product_id bigint not null, lot_number varchar(255) not null, primary key (id))
Hibernate: create table goods_receipts (total_accepted_value numeric(19,2) not null, total_damaged_value numeric(19,2) not null, created_at timestamp(6) with time zone not null, id bigint generated by default as identity, posted_at timestamp(6) with time zone, purchase_order_id bigint, receipt_date timestamp(6) with time zone not null, supplier_id bigint not null, tenant_id bigint not null, updated_at timestamp(6) with time zone not null, verified_at timestamp(6) with time zone, version bigint, warehouse_id bigint not null, created_by varchar(255) not null, po_number varchar(255) not null, posted_by varchar(255), receipt_number varchar(255) not null unique, verified_by varchar(255), status enum ('CANCELLED','DRAFT','INSPECTING','POSTED','VERIFIED') not null, primary key (id))
Hibernate: create table inventory_items (expiration_date date, quantity_available integer not null, quantity_reserved integer not null, created_at timestamp(6) with time zone not null, deleted_at timestamp(6) with time zone, id bigint generated by default as identity, product_id bigint not null, tenant_id bigint not null, updated_at timestamp(6) with time zone not null, version bigint not null, warehouse_id bigint not null, batch_number varchar(100), created_by varchar(255), last_modified_by varchar(255), primary key (id))
Hibernate: create table inventory_ledger_entries (expiration_date date, quantity numeric(19,2) not null, total_value numeric(19,2) not null, unit_cost numeric(19,2) not null, id bigint generated by default as identity, product_id bigint not null, tenant_id bigint not null, timestamp timestamp(6) with time zone not null, warehouse_id bigint not null, reference_id varchar(50) not null, lot_number varchar(100) not null, performed_by varchar(100) not null, movement_type enum ('ADJUSTMENT_IN','ADJUSTMENT_OUT','DAMAGED','DELIVERY','INITIAL_STOCK','RECEIPT','TRANSFER_IN','TRANSFER_OUT') not null, primary key (id))
Hibernate: create table inventory_transactions (quantity integer not null, created_at timestamp(6) with time zone not null, deleted_at timestamp(6) with time zone, id bigint generated by default as identity, inventory_item_id bigint not null, tenant_id bigint not null, updated_at timestamp(6) with time zone not null, transaction_type varchar(50) not null, created_by varchar(255), last_modified_by varchar(255), notes TEXT, reference_id varchar(255), primary key (id))
Hibernate: create table loading_sheet_items (quantity_loaded integer not null, created_at timestamp(6) with time zone, id bigint generated by default as identity, loading_sheet_id bigint not null, product_id bigint not null, tenant_id bigint not null, unit_type varchar(10), primary key (id))
Hibernate: create table loading_sheet_returns (quantity_returned integer not null, created_at timestamp(6) with time zone, id bigint generated by default as identity, loading_sheet_id bigint not null, product_id bigint not null, tenant_id bigint not null, unit_type varchar(10), return_type varchar(50) not null, primary key (id))
Hibernate: create table loading_sheets (loading_date date not null, cancelled_at timestamp(6) with time zone, confirmed_at timestamp(6) with time zone, created_at timestamp(6) with time zone not null, deleted_at timestamp(6) with time zone, driver_id bigint not null, id bigint generated by default as identity, rep_order_id bigint not null, tenant_id bigint not null, updated_at timestamp(6) with time zone not null, version bigint, sheet_number varchar(50), status varchar(50) not null, cancelled_by varchar(255), confirmed_by varchar(255), created_by varchar(255), last_modified_by varchar(255), primary key (id))
Hibernate: create table permissions (created_at timestamp(6) with time zone not null, id bigint generated by default as identity, module varchar(50) not null, code varchar(100) not null unique, description varchar(255) not null, primary key (id))
Hibernate: create table platform_admins (created_at timestamp(6) with time zone not null, deleted_at timestamp(6) with time zone, id bigint generated by default as identity, updated_at timestamp(6) with time zone not null, created_by varchar(255), email varchar(255) not null unique, last_modified_by varchar(255), name varchar(255) not null, password_hash varchar(255) not null, primary key (id))
Hibernate: create table product_categories (created_at timestamp(6) with time zone not null, deleted_at timestamp(6) with time zone, id bigint generated by default as identity, parent_category_id bigint, tenant_id bigint not null, updated_at timestamp(6) with time zone not null, created_by varchar(255), description TEXT, last_modified_by varchar(255), name varchar(255) not null, primary key (id))
Hibernate: create table products (base_price numeric(10,2), items_per_sold_unit integer, rate_per_sold_unit numeric(15,2), sold_units_per_box integer, category_id bigint, created_at timestamp(6) with time zone not null, deleted_at timestamp(6) with time zone, id bigint generated by default as identity, supplier_id bigint, tenant_id bigint not null, updated_at timestamp(6) with time zone not null, unit_type varchar(10), net_weight varchar(20), box_configuration varchar(50), unit_of_measure varchar(50), sku varchar(100) not null, created_by varchar(255), description TEXT, last_modified_by varchar(255), name varchar(255) not null, primary key (id))
Hibernate: create table purchase_line_items (amount numeric(15,2) not null, no_of_boxes integer not null, rate numeric(15,2) not null, sold_quantity integer not null, created_at timestamp(6) with time zone, id bigint generated by default as identity, product_id bigint not null, purchase_id bigint not null, tenant_id bigint not null, unit_type varchar(10), primary key (id))
Hibernate: create table purchase_order_lines (line_total numeric(19,2) not null, quantity numeric(19,2) not null, unit_price numeric(19,2) not null, id bigint generated by default as identity, product_id bigint not null, purchase_order_id bigint not null, primary key (id))
Hibernate: create table purchase_orders (total_amount numeric(19,2) not null, created_at timestamp(6) with time zone not null, id bigint generated by default as identity, order_date timestamp(6) with time zone not null, received_at timestamp(6) with time zone, submitted_at timestamp(6) with time zone, supplier_id bigint not null, tenant_id bigint not null, updated_at timestamp(6) with time zone not null, version bigint, correlation_id varchar(255) not null unique, created_by varchar(255) not null, status enum ('APPROVED','CLOSED','DRAFT','ORDERED','PARTIALLY_RECEIVED','RECEIVED','REJECTED','SUBMITTED') not null, primary key (id))
Hibernate: create table purchase_return_items (amount numeric(15,2) not null, quantity integer not null, rate numeric(15,2) not null, created_at timestamp(6) with time zone, id bigint generated by default as identity, product_id bigint not null, purchase_id bigint not null, tenant_id bigint not null, unit_type varchar(10), primary key (id))
Hibernate: create table purchases (cheque_amount numeric(15,2), discount_amount numeric(15,2) not null, gross_weight_kg numeric(10,2), invoice_date date not null, net_amount numeric(15,2) not null, returns_deducted_amount numeric(15,2) not null, total_boxes integer not null, total_order_value numeric(15,2) not null, value_of_supply numeric(15,2) not null, vat_amount numeric(15,2) not null, created_at timestamp(6) with time zone not null, deleted_at timestamp(6) with time zone, id bigint generated by default as identity, return_warehouse_id bigint, supplier_id bigint not null, tenant_id bigint not null, updated_at timestamp(6) with time zone not null, payment_method varchar(50) not null, status varchar(50) not null, cheque_bank_name varchar(100), cheque_no varchar(100), invoice_no varchar(100) not null, lc_no varchar(100), order_no varchar(100), created_by varchar(255), last_modified_by varchar(255), notes TEXT, primary key (id))
Hibernate: create table refresh_tokens (created_at timestamp(6) with time zone not null, expires_at timestamp(6) with time zone not null, id bigint generated by default as identity, platform_admin_id bigint, revoked_at timestamp(6) with time zone, user_id bigint, token_hash varchar(255) not null unique, primary key (id))
Hibernate: create table rep_order_items (boxes_needed integer not null, gross_amount numeric(15,2) not null, is_free_item boolean not null, net_amount numeric(15,2) not null, quantity integer not null, rate numeric(15,2) not null, created_at timestamp(6) with time zone, id bigint generated by default as identity, product_id bigint not null, rep_order_shop_id bigint not null, tenant_id bigint not null, unit_type varchar(10), primary key (id))
Hibernate: create table rep_order_shops (discount_amount numeric(15,2) not null, gross_order_amount numeric(15,2) not null, net_amount numeric(15,2) not null, returns_value numeric(15,2) not null, reverse_grts numeric(15,2) not null, sku_discount_amount numeric(15,2) not null, created_at timestamp(6) with time zone, id bigint generated by default as identity, rep_order_id bigint not null, return_warehouse_id bigint, shop_id bigint not null, tenant_id bigint not null, primary key (id))
Hibernate: create table rep_orders (net_amount numeric(15,2) not null, order_date date not null, total_gross_amount numeric(15,2) not null, total_returns_value numeric(15,2) not null, approved_at timestamp(6) with time zone, created_at timestamp(6) with time zone not null, deleted_at timestamp(6) with time zone, delivered_at timestamp(6) with time zone, id bigint generated by default as identity, loaded_at timestamp(6) with time zone, rep_id bigint not null, tenant_id bigint not null, updated_at timestamp(6) with time zone not null, version bigint, loading_status varchar(50) not null, order_number varchar(50), status varchar(50) not null, route_area varchar(100), approved_by varchar(255), created_by varchar(255), delivered_by varchar(255), last_modified_by varchar(255), loaded_by varchar(255), primary key (id))
Hibernate: create table reps (employment_date date, is_active boolean not null, termination_date date, created_at timestamp(6) with time zone not null, deleted_at timestamp(6) with time zone, id bigint generated by default as identity, tenant_id bigint not null, updated_at timestamp(6) with time zone not null, employee_id varchar(50), phone varchar(50), area varchar(100), email varchar(100), name varchar(100) not null, created_by varchar(255), last_modified_by varchar(255), primary key (id))
Hibernate: create table role_permissions (permission_id bigint not null, role_id bigint not null, primary key (permission_id, role_id))
Hibernate: create table roles (is_system_role boolean not null, created_at timestamp(6) with time zone not null, deleted_at timestamp(6) with time zone, id bigint generated by default as identity, tenant_id bigint not null, updated_at timestamp(6) with time zone not null, name varchar(100) not null, created_by varchar(255), description varchar(255), last_modified_by varchar(255), primary key (id))
Hibernate: create table shop_returns (credit_value numeric(15,2) not null, quantity integer not null, created_at timestamp(6) with time zone, id bigint generated by default as identity, product_id bigint not null, rep_order_shop_id bigint, tenant_id bigint not null, unit_type varchar(10), return_type varchar(50) not null, status varchar(50) not null, primary key (id))
Hibernate: create table shop_visits (latitude float(53), longitude float(53), verified boolean, created_at timestamp(6) with time zone not null, deleted_at timestamp(6) with time zone, delivery_id bigint, driver_id bigint, id bigint generated by default as identity, qr_scanned_at timestamp(6) with time zone, shop_id bigint not null, tenant_id bigint not null, updated_at timestamp(6) with time zone not null, visited_at timestamp(6) with time zone, notes varchar(500), created_by varchar(255), last_modified_by varchar(255), primary key (id))
Hibernate: create table shops (is_active boolean not null, latitude numeric(10,7), longitude numeric(10,7), outstanding_loan numeric(15,2) not null, assigned_rep_id bigint, created_at timestamp(6) with time zone not null, deleted_at timestamp(6) with time zone, id bigint generated by default as identity, tenant_id bigint not null, updated_at timestamp(6) with time zone not null, qr_code_token varchar(36) unique, phone varchar(50), area varchar(100), name varchar(100) not null, owner_name varchar(100), route varchar(100), address TEXT, created_by varchar(255), last_modified_by varchar(255), primary key (id))
Hibernate: create table suppliers (created_at timestamp(6) with time zone not null, deleted_at timestamp(6) with time zone, id bigint generated by default as identity, tenant_id bigint not null, updated_at timestamp(6) with time zone not null, contact_phone varchar(50), tax_id varchar(100), address TEXT, contact_email varchar(255), created_by varchar(255), last_modified_by varchar(255), name varchar(255) not null, primary key (id))
Hibernate: create table tenants (trial_end_date date, trial_start_date date, business_type_id bigint not null, created_at timestamp(6) with time zone not null, deleted_at timestamp(6) with time zone, id bigint generated by default as identity, updated_at timestamp(6) with time zone not null, status varchar(20) not null, plan varchar(50) not null, business_name varchar(255) not null, created_by varchar(255), email varchar(255) not null unique, last_modified_by varchar(255), primary key (id))
Hibernate: create table users (failed_login_attempts integer not null, password_change_required boolean not null, created_at timestamp(6) with time zone not null, deleted_at timestamp(6) with time zone, id bigint generated by default as identity, locked_until timestamp(6) with time zone, role_id bigint, tenant_id bigint, updated_at timestamp(6) with time zone not null, user_type varchar(30) not null, created_by varchar(255), email varchar(255) not null unique, last_modified_by varchar(255), name varchar(255) not null, password_hash varchar(255) not null, primary key (id))
Hibernate: create table warehouse_transfer_lines (damaged_qty numeric(19,2) not null, line_total numeric(19,2) not null, received_qty numeric(19,2) not null, requested_qty numeric(19,2) not null, shipped_qty numeric(19,2) not null, unit_cost numeric(19,2) not null, id bigint generated by default as identity, product_id bigint not null, warehouse_transfer_id bigint not null, lot_number varchar(255) not null, primary key (id))
Hibernate: create table warehouse_transfers (total_transfer_value numeric(19,2) not null, approved_at timestamp(6) with time zone, created_at timestamp(6) with time zone not null, from_warehouse_id bigint not null, id bigint generated by default as identity, received_at timestamp(6) with time zone, request_date timestamp(6) with time zone not null, shipped_at timestamp(6) with time zone, tenant_id bigint not null, to_warehouse_id bigint not null, updated_at timestamp(6) with time zone not null, version bigint, approved_by varchar(255), created_by varchar(255) not null, received_by varchar(255), shipped_by varchar(255), transfer_number varchar(255) not null unique, status enum ('APPROVED','CANCELLED','DRAFT','RECEIVED','REQUESTED','SHIPPED') not null, primary key (id))
Hibernate: create table warehouses (capacity integer, is_system_store boolean not null, created_at timestamp(6) with time zone not null, deleted_at timestamp(6) with time zone, id bigint generated by default as identity, tenant_id bigint not null, updated_at timestamp(6) with time zone not null, store_type varchar(30) not null, created_by varchar(255), description varchar(255), last_modified_by varchar(255), location TEXT, name varchar(255) not null, primary key (id))
Hibernate: alter table if exists business_owner_tenants add constraint FK6yndkt9q8bbtr1vrtixsdowop foreign key (tenant_id) references tenants
Hibernate: alter table if exists business_owner_tenants add constraint FKlkor21iabuvwitutwft8ewqlj foreign key (user_id) references users
Hibernate: alter table if exists deliveries add constraint FKp5fuasyngaek2k0smjgjeppyi foreign key (loading_sheet_id) references loading_sheets
Hibernate: alter table if exists deliveries add constraint FK57pq06j6ms02ul784yxvb6d3i foreign key (tenant_id) references tenants
Hibernate: alter table if exists delivery_payments add constraint FKpsod6hes2mc1koiiisj74kcp0 foreign key (delivery_shop_id) references delivery_shops
Hibernate: alter table if exists delivery_payments add constraint FK8tn3dfu01ga3g8s7yj5gq4019 foreign key (tenant_id) references tenants
Hibernate: alter table if exists delivery_shop_items add constraint FKrrwrxchpgur8ugl3l21k6c7xr foreign key (delivery_shop_id) references delivery_shops
Hibernate: alter table if exists delivery_shop_items add constraint FKebxumfvgyq4xkn02xtmooh9ca foreign key (product_id) references products
Hibernate: alter table if exists delivery_shop_items add constraint FK9t7y8llo3gm4x1ix9k36vpj3n foreign key (tenant_id) references tenants
Hibernate: alter table if exists delivery_shop_returns add constraint FKm8ppfuh6qp776tv27hda104pb foreign key (delivery_shop_id) references delivery_shops
Hibernate: alter table if exists delivery_shop_returns add constraint FKnwdvel3fq2svyy0qsfrhqkalb foreign key (product_id) references products
Hibernate: alter table if exists delivery_shop_returns add constraint FKpcsd8oq9tyirikl9i96q5jy70 foreign key (tenant_id) references tenants
Hibernate: alter table if exists delivery_shops add constraint FK4gvgojiwnou6kgo7iybcqe6wr foreign key (delivery_id) references deliveries
Hibernate: alter table if exists delivery_shops add constraint FKmgq4nv69ptkxk0bgdxmknaife foreign key (shop_id) references shops
Hibernate: alter table if exists delivery_shops add constraint FK2hqgglwho1vlu5olx74sml1ds foreign key (tenant_id) references tenants
Hibernate: alter table if exists drivers add constraint FKpj3mg3bersbrui35majetodxv foreign key (default_warehouse_id) references warehouses
Hibernate: alter table if exists drivers add constraint FK7yonkamhimoevsne1ghhepqau foreign key (tenant_id) references tenants
Hibernate: alter table if exists goods_receipt_lines add constraint FK911tv4c70yqo1u58rdfa0pf5w foreign key (goods_receipt_id) references goods_receipts
Hibernate: alter table if exists inventory_items add constraint FK9qhblf3mc4r22jajlv4w6sstt foreign key (product_id) references products
Hibernate: alter table if exists inventory_items add constraint FK5e9ulbutuklbr0en55hiedfpq foreign key (tenant_id) references tenants
Hibernate: alter table if exists inventory_items add constraint FKqq1baol3lk2v7ka2ob578l31h foreign key (warehouse_id) references warehouses
Hibernate: alter table if exists inventory_transactions add constraint FK540uvcs6ertd1k2pkpg2abvcs foreign key (inventory_item_id) references inventory_items
Hibernate: alter table if exists inventory_transactions add constraint FKn2dsjmhw9g22xunc35pbagknr foreign key (tenant_id) references tenants
Hibernate: alter table if exists loading_sheet_items add constraint FKccb2ndyff4uw733do0ct6i6oi foreign key (loading_sheet_id) references loading_sheets
Hibernate: alter table if exists loading_sheet_items add constraint FKi03vq7eg7wpp5lnwksa0t3lca foreign key (product_id) references products
Hibernate: alter table if exists loading_sheet_items add constraint FK4c28ogpdhcspcjksvx3wk3ncw foreign key (tenant_id) references tenants
Hibernate: alter table if exists loading_sheet_returns add constraint FK29d7kko9cic5982e6o1hdetad foreign key (loading_sheet_id) references loading_sheets
Hibernate: alter table if exists loading_sheet_returns add constraint FKromnvq36dkymscrx75d2m39kq foreign key (product_id) references products
Hibernate: alter table if exists loading_sheet_returns add constraint FKd659fcufqfv72k41u1n083fbk foreign key (tenant_id) references tenants
Hibernate: alter table if exists loading_sheets add constraint FKiymnms3nd9jam0mk6qitupdrg foreign key (driver_id) references drivers
Hibernate: alter table if exists loading_sheets add constraint FK5aslbwd9dhhe5pkadm9xoli7t foreign key (rep_order_id) references rep_orders
Hibernate: alter table if exists loading_sheets add constraint FKqm70tv7ur1cbgg7ga6oeks4uj foreign key (tenant_id) references tenants
Hibernate: alter table if exists product_categories add constraint FK6i0mouyrn5rwwd12osu2dgjmf foreign key (parent_category_id) references product_categories
Hibernate: alter table if exists product_categories add constraint FKau9enmfi1nj027e38pkm2yqnd foreign key (tenant_id) references tenants
Hibernate: alter table if exists products add constraint FK6t5dtw6tyo83ywljwohuc6g7k foreign key (category_id) references product_categories
Hibernate: alter table if exists products add constraint FK6i174ixi9087gcvvut45em7fd foreign key (supplier_id) references suppliers
Hibernate: alter table if exists products add constraint FKn8rwil6da3e23e0g04r5cw0mf foreign key (tenant_id) references tenants
Hibernate: alter table if exists purchase_line_items add constraint FKeo2bwte57u5anxwbvd9kf2l3s foreign key (product_id) references products
Hibernate: alter table if exists purchase_line_items add constraint FK3eawxi38l4rhaa20brxtnx6j2 foreign key (purchase_id) references purchases
Hibernate: alter table if exists purchase_line_items add constraint FKs366jsao1316dacmru7qcgayt foreign key (tenant_id) references tenants
Hibernate: alter table if exists purchase_order_lines add constraint FKlm5ieywqw1p1l4oxnkup8j2m6 foreign key (purchase_order_id) references purchase_orders
Hibernate: alter table if exists purchase_return_items add constraint FKel4su3xbxag2uouoxgqku3xxk foreign key (product_id) references products
Hibernate: alter table if exists purchase_return_items add constraint FKlvuu11gx65uoxdh8fvm3tyv0b foreign key (purchase_id) references purchases
Hibernate: alter table if exists purchase_return_items add constraint FKbosqf9spe36aeps9fml73dvna foreign key (tenant_id) references tenants
Hibernate: alter table if exists purchases add constraint FKtbjffrheqwfooskwiw8olt6d9 foreign key (return_warehouse_id) references warehouses
Hibernate: alter table if exists purchases add constraint FK9ho3w23v5du4x0hrp6rqs1wmh foreign key (supplier_id) references suppliers
Hibernate: alter table if exists purchases add constraint FKh3e04vojvlmx5ee2sxkvobv4h foreign key (tenant_id) references tenants
Hibernate: alter table if exists refresh_tokens add constraint FK1lih5y2npsf8u5o3vhdb9y0os foreign key (user_id) references users
Hibernate: alter table if exists rep_order_items add constraint FK6yjbs80fhtq0sall5vb9d15nm foreign key (product_id) references products
Hibernate: alter table if exists rep_order_items add constraint FKmejfjerym0gw1a7nfajfmpt3d foreign key (rep_order_shop_id) references rep_order_shops
Hibernate: alter table if exists rep_order_items add constraint FKl3fp9r9qm3f4fsrc5hfx12wi4 foreign key (tenant_id) references tenants
Hibernate: alter table if exists rep_order_shops add constraint FKpeuvlat5aocyyi30u4whuoj7m foreign key (rep_order_id) references rep_orders
Hibernate: alter table if exists rep_order_shops add constraint FKnlm2tytltm1paq09ehqdt25uh foreign key (return_warehouse_id) references warehouses
Hibernate: alter table if exists rep_order_shops add constraint FK79f7773knu3xaxte4uod5dflh foreign key (shop_id) references shops
Hibernate: alter table if exists rep_order_shops add constraint FKfqgwcodf1sgdplc5ea9i695i5 foreign key (tenant_id) references tenants
Hibernate: alter table if exists rep_orders add constraint FKecbvndp37j4dl54ror5tpv5ac foreign key (rep_id) references reps
Hibernate: alter table if exists rep_orders add constraint FKn1cqtvr2pustwiy0yv4pe4mhk foreign key (tenant_id) references tenants
Hibernate: alter table if exists reps add constraint FKpekylxycsir8045gg8tf28uxk foreign key (tenant_id) references tenants
Hibernate: alter table if exists role_permissions add constraint FKegdk29eiy7mdtefy5c7eirr6e foreign key (permission_id) references permissions
Hibernate: alter table if exists role_permissions add constraint FKn5fotdgk8d1xvo8nav9uv3muc foreign key (role_id) references roles
Hibernate: alter table if exists roles add constraint FKmvypqr2nolkxxru0qnbw8rh5m foreign key (tenant_id) references tenants
Hibernate: alter table if exists shop_returns add constraint FKiretv8aa7yoic58m5ax54sdy4 foreign key (product_id) references products
Hibernate: alter table if exists shop_returns add constraint FKrtqmoc97wijfoecmr4cmfkn2h foreign key (rep_order_shop_id) references rep_order_shops
Hibernate: alter table if exists shop_returns add constraint FKeg6gwt9xpe6x62wmmponp5qtn foreign key (tenant_id) references tenants
Hibernate: alter table if exists shop_visits add constraint FKhencwcwwv852f53j721ij0o0b foreign key (delivery_id) references deliveries
Hibernate: alter table if exists shop_visits add constraint FKhmojx3gl4mqxvsuyo6g9no9da foreign key (driver_id) references drivers
Hibernate: alter table if exists shop_visits add constraint FKo1jfykj729i42hcgx315mjt0l foreign key (shop_id) references shops
Hibernate: alter table if exists shop_visits add constraint FKp1tmxq00k4fsxxvp9liy1s4v2 foreign key (tenant_id) references tenants
Hibernate: alter table if exists shops add constraint FK7vt2nur7tc5uk59x9etndsa5k foreign key (assigned_rep_id) references reps
Hibernate: alter table if exists shops add constraint FKekn2jrrl1vc3ib79yqbmr8ea5 foreign key (tenant_id) references tenants
Hibernate: alter table if exists suppliers add constraint FKh74geoqfe4ber25w1u7b1w70n foreign key (tenant_id) references tenants
Hibernate: alter table if exists tenants add constraint FKdolad4il51imip6ufd0lica5x foreign key (business_type_id) references business_types
Hibernate: alter table if exists users add constraint FKp56c1712k691lhsyewcssf40f foreign key (role_id) references roles
Hibernate: alter table if exists users add constraint FK21hn1a5ja1tve7ae02fnn4cld foreign key (tenant_id) references tenants
Hibernate: alter table if exists warehouse_transfer_lines add constraint FKl8sbh3159iyjoqdbk6dsaa05l foreign key (warehouse_transfer_id) references warehouse_transfers
Hibernate: alter table if exists warehouses add constraint FKn4qn12pkyk7u3o462u7n7sf5n foreign key (tenant_id) references tenants
2026-07-25T13:20:52.255+05:30  INFO 20344 --- [           main] j.LocalContainerEntityManagerFactoryBean : [traceId=, userId=, tenantId=] Initialized JPA EntityManagerFactory for persistence unit 'default'
2026-07-25T13:20:57.668+05:30  WARN 20344 --- [           main] .s.a.UserDetailsServiceAutoConfiguration : [traceId=, userId=, tenantId=] 

Using generated security password: 12f28225-3a01-43fd-b2ea-d09616d0594a

This generated password is for development use only. Your security configuration must be updated before running your application in production.

2026-07-25T13:20:57.679+05:30  INFO 20344 --- [           main] r$InitializeUserDetailsManagerConfigurer : [traceId=, userId=, tenantId=] Global AuthenticationManager configured with UserDetailsService bean with name inMemoryUserDetailsManager
2026-07-25T13:20:58.790+05:30  INFO 20344 --- [           main] o.s.b.a.e.web.EndpointLinksResolver      : [traceId=, userId=, tenantId=] Exposing 4 endpoints beneath base path '/actuator'
2026-07-25T13:20:59.676+05:30  WARN 20344 --- [           main] ion$DefaultTemplateResolverConfiguration : [traceId=, userId=, tenantId=] Cannot find template location: classpath:/templates/ (please add some templates, check your Thymeleaf configuration, or set spring.thymeleaf.check-template-location=false)
2026-07-25T13:21:02.443+05:30  INFO 20344 --- [           main] c.s.b.s.config.RateLimitIntegrationTest  : [traceId=, userId=, tenantId=] Started RateLimitIntegrationTest in 21.595 seconds (process running for 151.922)
2026-07-25T13:21:02.662+05:30  INFO 20344 --- [           main] o.s.b.t.m.w.SpringBootMockServletContext : [traceId=, userId=, tenantId=] Initializing Spring TestDispatcherServlet ''
2026-07-25T13:21:02.663+05:30  INFO 20344 --- [           main] o.s.t.web.servlet.TestDispatcherServlet  : [traceId=, userId=, tenantId=] Initializing Servlet ''
2026-07-25T13:21:02.679+05:30  INFO 20344 --- [           main] o.s.t.web.servlet.TestDispatcherServlet  : [traceId=, userId=, tenantId=] Completed initialization in 15 ms
2026-07-25T13:21:02.698+05:30 DEBUG 20344 --- [           main] c.s.b.c.c.EndpointLoggingInterceptor     : [traceId=, userId=, tenantId=] Incoming Request: POST /api/v1/auth/login
Hibernate: select pa1_0.id,pa1_0.created_at,pa1_0.created_by,pa1_0.deleted_at,pa1_0.email,pa1_0.last_modified_by,pa1_0.name,pa1_0.password_hash,pa1_0.updated_at from platform_admins pa1_0 where (pa1_0.deleted_at IS NULL) and pa1_0.email=? and pa1_0.deleted_at is null
Hibernate: select u1_0.id,ar1_0.id,ar1_0.created_at,ar1_0.created_by,ar1_0.deleted_at,ar1_0.description,ar1_0.is_system_role,ar1_0.last_modified_by,ar1_0.name,p1_0.role_id,p1_1.id,p1_1.code,p1_1.created_at,p1_1.description,p1_1.module,ar1_0.tenant_id,ar1_0.updated_at,u1_0.created_at,u1_0.created_by,u1_0.deleted_at,u1_0.email,u1_0.failed_login_attempts,u1_0.last_modified_by,u1_0.locked_until,u1_0.name,u1_0.password_change_required,u1_0.password_hash,u1_0.tenant_id,u1_0.updated_at,u1_0.user_type from users u1_0 left join roles ar1_0 on ar1_0.id=u1_0.role_id and (ar1_0.deleted_at IS NULL) left join role_permissions p1_0 on ar1_0.id=p1_0.role_id left join permissions p1_1 on p1_1.id=p1_0.permission_id where (u1_0.deleted_at IS NULL) and u1_0.email=? and u1_0.deleted_at is null
2026-07-25T13:21:02.860+05:30  WARN 20344 --- [           main] c.s.b.c.e.GlobalExceptionHandler         : [traceId=, userId=, tenantId=] Authentication failed at /api/v1/auth/login: Invalid email or password

com.spiceflow.backend.common.exception.InvalidCredentialsException: Invalid email or password
	at com.spiceflow.backend.auth.service.AuthService.lambda$login$0(AuthService.java:112)
	at java.base/java.util.Optional.orElseThrow(Optional.java:403)
	at com.spiceflow.backend.auth.service.AuthService.login(AuthService.java:112)
	at java.base/jdk.internal.reflect.DirectMethodHandleAccessor.invoke(DirectMethodHandleAccessor.java:103)
	at java.base/java.lang.reflect.Method.invoke(Method.java:580)
	at org.springframework.aop.support.AopUtils.invokeJoinpointUsingReflection(AopUtils.java:359)
	at org.springframework.aop.framework.ReflectiveMethodInvocation.invokeJoinpoint(ReflectiveMethodInvocation.java:190)
	at org.springframework.aop.framework.ReflectiveMethodInvocation.proceed(ReflectiveMethodInvocation.java:158)
	at org.springframework.transaction.interceptor.TransactionInterceptor$1.proceedWithInvocation(TransactionInterceptor.java:133)
	at org.springframework.transaction.interceptor.TransactionAspectSupport.invokeWithinTransaction(TransactionAspectSupport.java:371)
	at org.springframework.transaction.interceptor.TransactionInterceptor.invoke(TransactionInterceptor.java:130)
	at org.springframework.aop.framework.ReflectiveMethodInvocation.proceed(ReflectiveMethodInvocation.java:179)
	at org.springframework.aop.framework.CglibAopProxy$DynamicAdvisedInterceptor.intercept(CglibAopProxy.java:719)
	at com.spiceflow.backend.auth.service.AuthService$$SpringCGLIB$$0.login(<generated>)
	at com.spiceflow.backend.auth.controller.AuthController.login(AuthController.java:103)
	at java.base/jdk.internal.reflect.DirectMethodHandleAccessor.invoke(DirectMethodHandleAccessor.java:103)
	at java.base/java.lang.reflect.Method.invoke(Method.java:580)
	at org.springframework.aop.support.AopUtils.invokeJoinpointUsingReflection(AopUtils.java:359)
	at org.springframework.aop.framework.ReflectiveMethodInvocation.invokeJoinpoint(ReflectiveMethodInvocation.java:190)
	at org.springframework.aop.framework.ReflectiveMethodInvocation.proceed(ReflectiveMethodInvocation.java:158)
	at org.springframework.validation.beanvalidation.MethodValidationInterceptor.invoke(MethodValidationInterceptor.java:172)
	at org.springframework.aop.framework.ReflectiveMethodInvocation.proceed(ReflectiveMethodInvocation.java:179)
	at org.springframework.aop.framework.CglibAopProxy$DynamicAdvisedInterceptor.intercept(CglibAopProxy.java:719)
	at com.spiceflow.backend.auth.controller.AuthController$$SpringCGLIB$$1.login(<generated>)
	at java.base/jdk.internal.reflect.DirectMethodHandleAccessor.invoke(DirectMethodHandleAccessor.java:103)
	at java.base/java.lang.reflect.Method.invoke(Method.java:580)
	at org.springframework.web.method.support.InvocableHandlerMethod.doInvoke(InvocableHandlerMethod.java:252)
	at org.springframework.web.method.support.InvocableHandlerMethod.invokeForRequest(InvocableHandlerMethod.java:184)
	at org.springframework.web.servlet.mvc.method.annotation.ServletInvocableHandlerMethod.invokeAndHandle(ServletInvocableHandlerMethod.java:117)
	at org.springframework.web.servlet.mvc.method.annotation.RequestMappingHandlerAdapter.invokeHandlerMethod(RequestMappingHandlerAdapter.java:934)
	at org.springframework.web.servlet.mvc.method.annotation.RequestMappingHandlerAdapter.handleInternal(RequestMappingHandlerAdapter.java:853)
	at org.springframework.web.servlet.mvc.method.AbstractHandlerMethodAdapter.handle(AbstractHandlerMethodAdapter.java:86)
	at org.springframework.web.servlet.DispatcherServlet.doDispatch(DispatcherServlet.java:963)
	at org.springframework.web.servlet.DispatcherServlet.doService(DispatcherServlet.java:866)
	at org.springframework.web.servlet.FrameworkServlet.processRequest(FrameworkServlet.java:1000)
	at org.springframework.web.servlet.FrameworkServlet.doPost(FrameworkServlet.java:903)
	at jakarta.servlet.http.HttpServlet.service(HttpServlet.java:649)
	at org.springframework.web.servlet.FrameworkServlet.service(FrameworkServlet.java:874)
	at org.springframework.test.web.servlet.TestDispatcherServlet.service(TestDispatcherServlet.java:72)
	at jakarta.servlet.http.HttpServlet.service(HttpServlet.java:710)
	at org.springframework.mock.web.MockFilterChain$ServletFilterProxy.doFilter(MockFilterChain.java:160)
	at org.springframework.mock.web.MockFilterChain.doFilter(MockFilterChain.java:127)
	at org.springframework.web.filter.CompositeFilter$VirtualFilterChain.doFilter(CompositeFilter.java:108)
	at org.springframework.security.web.FilterChainProxy.lambda$doFilterInternal$3(FilterChainProxy.java:235)
	at org.springframework.security.web.ObservationFilterChainDecorator$FilterObservation$SimpleFilterObservation.lambda$wrap$1(ObservationFilterChainDecorator.java:493)
	at org.springframework.security.web.ObservationFilterChainDecorator$AroundFilterObservation$SimpleAroundFilterObservation.lambda$wrap$1(ObservationFilterChainDecorator.java:354)
	at org.springframework.security.web.ObservationFilterChainDecorator.lambda$wrapSecured$0(ObservationFilterChainDecorator.java:86)
	at org.springframework.security.web.ObservationFilterChainDecorator$VirtualFilterChain.doFilter(ObservationFilterChainDecorator.java:132)
	at org.springframework.security.web.access.intercept.AuthorizationFilter.doFilter(AuthorizationFilter.java:101)
	at org.springframework.security.web.ObservationFilterChainDecorator$ObservationFilter.wrapFilter(ObservationFilterChainDecorator.java:244)
	at org.springframework.security.web.ObservationFilterChainDecorator$ObservationFilter.doFilter(ObservationFilterChainDecorator.java:231)
	at org.springframework.security.web.ObservationFilterChainDecorator$VirtualFilterChain.doFilter(ObservationFilterChainDecorator.java:141)
	at org.springframework.security.web.access.ExceptionTranslationFilter.doFilter(ExceptionTranslationFilter.java:126)
	at org.springframework.security.web.access.ExceptionTranslationFilter.doFilter(ExceptionTranslationFilter.java:120)
	at org.springframework.security.web.ObservationFilterChainDecorator$ObservationFilter.wrapFilter(ObservationFilterChainDecorator.java:244)
	at org.springframework.security.web.ObservationFilterChainDecorator$ObservationFilter.doFilter(ObservationFilterChainDecorator.java:231)
	at org.springframework.security.web.ObservationFilterChainDecorator$VirtualFilterChain.doFilter(ObservationFilterChainDecorator.java:141)
	at org.springframework.security.web.session.SessionManagementFilter.doFilter(SessionManagementFilter.java:132)
	at org.springframework.security.web.session.SessionManagementFilter.doFilter(SessionManagementFilter.java:86)
	at org.springframework.security.web.ObservationFilterChainDecorator$ObservationFilter.wrapFilter(ObservationFilterChainDecorator.java:244)
	at org.springframework.security.web.ObservationFilterChainDecorator$ObservationFilter.doFilter(ObservationFilterChainDecorator.java:231)
	at org.springframework.security.web.ObservationFilterChainDecorator$VirtualFilterChain.doFilter(ObservationFilterChainDecorator.java:141)
	at org.springframework.security.web.authentication.AnonymousAuthenticationFilter.doFilter(AnonymousAuthenticationFilter.java:100)
	at org.springframework.security.web.ObservationFilterChainDecorator$ObservationFilter.wrapFilter(ObservationFilterChainDecorator.java:244)
	at org.springframework.security.web.ObservationFilterChainDecorator$ObservationFilter.doFilter(ObservationFilterChainDecorator.java:231)
	at org.springframework.security.web.ObservationFilterChainDecorator$VirtualFilterChain.doFilter(ObservationFilterChainDecorator.java:141)
	at org.springframework.security.web.servletapi.SecurityContextHolderAwareRequestFilter.doFilter(SecurityContextHolderAwareRequestFilter.java:181)
	at org.springframework.security.web.ObservationFilterChainDecorator$ObservationFilter.wrapFilter(ObservationFilterChainDecorator.java:244)
	at org.springframework.security.web.ObservationFilterChainDecorator$ObservationFilter.doFilter(ObservationFilterChainDecorator.java:231)
	at org.springframework.security.web.ObservationFilterChainDecorator$VirtualFilterChain.doFilter(ObservationFilterChainDecorator.java:141)
	at org.springframework.security.web.savedrequest.RequestCacheAwareFilter.doFilter(RequestCacheAwareFilter.java:63)
	at org.springframework.security.web.ObservationFilterChainDecorator$ObservationFilter.wrapFilter(ObservationFilterChainDecorator.java:244)
	at org.springframework.security.web.ObservationFilterChainDecorator$ObservationFilter.doFilter(ObservationFilterChainDecorator.java:231)
	at org.springframework.security.web.ObservationFilterChainDecorator$VirtualFilterChain.doFilter(ObservationFilterChainDecorator.java:141)
	at com.spiceflow.backend.security.config.RateLimitFilter.doFilterInternal(RateLimitFilter.java:68)
	at org.springframework.web.filter.OncePerRequestFilter.doFilter(OncePerRequestFilter.java:116)
	at org.springframework.security.web.ObservationFilterChainDecorator$ObservationFilter.wrapFilter(ObservationFilterChainDecorator.java:244)
	at org.springframework.security.web.ObservationFilterChainDecorator$ObservationFilter.doFilter(ObservationFilterChainDecorator.java:231)
	at org.springframework.security.web.ObservationFilterChainDecorator$VirtualFilterChain.doFilter(ObservationFilterChainDecorator.java:141)
	at com.spiceflow.backend.auth.filter.JwtAuthenticationFilter.doFilterInternal(JwtAuthenticationFilter.java:166)
	at org.springframework.web.filter.OncePerRequestFilter.doFilter(OncePerRequestFilter.java:116)
	at org.springframework.security.web.ObservationFilterChainDecorator$ObservationFilter.wrapFilter(ObservationFilterChainDecorator.java:244)
	at org.springframework.security.web.ObservationFilterChainDecorator$ObservationFilter.doFilter(ObservationFilterChainDecorator.java:231)
	at org.springframework.security.web.ObservationFilterChainDecorator$VirtualFilterChain.doFilter(ObservationFilterChainDecorator.java:141)
	at org.springframework.security.web.authentication.logout.LogoutFilter.doFilter(LogoutFilter.java:110)
	at org.springframework.security.web.authentication.logout.LogoutFilter.doFilter(LogoutFilter.java:96)
	at org.springframework.security.web.ObservationFilterChainDecorator$ObservationFilter.wrapFilter(ObservationFilterChainDecorator.java:244)
	at org.springframework.security.web.ObservationFilterChainDecorator$ObservationFilter.doFilter(ObservationFilterChainDecorator.java:231)
	at org.springframework.security.web.ObservationFilterChainDecorator$VirtualFilterChain.doFilter(ObservationFilterChainDecorator.java:141)
	at org.springframework.web.filter.CorsFilter.doFilterInternal(CorsFilter.java:91)
	at org.springframework.web.filter.OncePerRequestFilter.doFilter(OncePerRequestFilter.java:116)
	at org.springframework.security.web.ObservationFilterChainDecorator$ObservationFilter.wrapFilter(ObservationFilterChainDecorator.java:244)
	at org.springframework.security.web.ObservationFilterChainDecorator$ObservationFilter.doFilter(ObservationFilterChainDecorator.java:231)
	at org.springframework.security.web.ObservationFilterChainDecorator$VirtualFilterChain.doFilter(ObservationFilterChainDecorator.java:141)
	at org.springframework.security.web.header.HeaderWriterFilter.doHeadersAfter(HeaderWriterFilter.java:90)
	at org.springframework.security.web.header.HeaderWriterFilter.doFilterInternal(HeaderWriterFilter.java:75)
	at org.springframework.web.filter.OncePerRequestFilter.doFilter(OncePerRequestFilter.java:116)
	at org.springframework.security.web.ObservationFilterChainDecorator$ObservationFilter.wrapFilter(ObservationFilterChainDecorator.java:244)
	at org.springframework.security.web.ObservationFilterChainDecorator$ObservationFilter.doFilter(ObservationFilterChainDecorator.java:231)
	at org.springframework.security.web.ObservationFilterChainDecorator$VirtualFilterChain.doFilter(ObservationFilterChainDecorator.java:141)
	at org.springframework.security.web.context.SecurityContextHolderFilter.doFilter(SecurityContextHolderFilter.java:82)
	at org.springframework.security.web.context.SecurityContextHolderFilter.doFilter(SecurityContextHolderFilter.java:69)
	at org.springframework.security.web.ObservationFilterChainDecorator$ObservationFilter.wrapFilter(ObservationFilterChainDecorator.java:244)
	at org.springframework.security.web.ObservationFilterChainDecorator$ObservationFilter.doFilter(ObservationFilterChainDecorator.java:231)
	at org.springframework.security.web.ObservationFilterChainDecorator$VirtualFilterChain.doFilter(ObservationFilterChainDecorator.java:141)
	at org.springframework.security.web.context.request.async.WebAsyncManagerIntegrationFilter.doFilterInternal(WebAsyncManagerIntegrationFilter.java:62)
	at org.springframework.web.filter.OncePerRequestFilter.doFilter(OncePerRequestFilter.java:116)
	at org.springframework.security.web.ObservationFilterChainDecorator$ObservationFilter.wrapFilter(ObservationFilterChainDecorator.java:244)
	at org.springframework.security.web.ObservationFilterChainDecorator$ObservationFilter.doFilter(ObservationFilterChainDecorator.java:231)
	at org.springframework.security.web.ObservationFilterChainDecorator$VirtualFilterChain.doFilter(ObservationFilterChainDecorator.java:141)
	at org.springframework.security.web.session.DisableEncodeUrlFilter.doFilterInternal(DisableEncodeUrlFilter.java:42)
	at org.springframework.web.filter.OncePerRequestFilter.doFilter(OncePerRequestFilter.java:116)
	at org.springframework.security.web.ObservationFilterChainDecorator$ObservationFilter.wrapFilter(ObservationFilterChainDecorator.java:244)
	at org.springframework.security.web.ObservationFilterChainDecorator$AroundFilterObservation$SimpleAroundFilterObservation.lambda$wrap$0(ObservationFilterChainDecorator.java:337)
	at org.springframework.security.web.ObservationFilterChainDecorator$ObservationFilter.doFilter(ObservationFilterChainDecorator.java:228)
	at org.springframework.security.web.ObservationFilterChainDecorator$VirtualFilterChain.doFilter(ObservationFilterChainDecorator.java:141)
	at org.springframework.security.web.FilterChainProxy.doFilterInternal(FilterChainProxy.java:237)
	at org.springframework.security.web.FilterChainProxy.doFilter(FilterChainProxy.java:195)
	at org.springframework.web.filter.CompositeFilter$VirtualFilterChain.doFilter(CompositeFilter.java:113)
	at org.springframework.web.filter.ServletRequestPathFilter.doFilter(ServletRequestPathFilter.java:52)
	at org.springframework.web.filter.CompositeFilter$VirtualFilterChain.doFilter(CompositeFilter.java:113)
	at org.springframework.web.filter.CompositeFilter.doFilter(CompositeFilter.java:74)
	at org.springframework.security.config.annotation.web.configuration.WebSecurityConfiguration$CompositeFilterChainProxy.doFilter(WebSecurityConfiguration.java:317)
	at org.springframework.security.test.web.servlet.setup.SecurityMockMvcConfigurer$DelegateFilter.doFilter(SecurityMockMvcConfigurer.java:135)
	at org.springframework.mock.web.MockFilterChain.doFilter(MockFilterChain.java:127)
	at org.springframework.test.web.servlet.MockMvc.perform(MockMvc.java:199)
	at com.spiceflow.backend.security.config.RateLimitIntegrationTest.shouldReturnTooManyRequestsWhenLimitExceeded(RateLimitIntegrationTest.java:47)
	at java.base/jdk.internal.reflect.DirectMethodHandleAccessor.invoke(DirectMethodHandleAccessor.java:103)
	at java.base/java.lang.reflect.Method.invoke(Method.java:580)
	at org.junit.platform.commons.util.ReflectionUtils.invokeMethod(ReflectionUtils.java:701)
	at org.junit.platform.commons.support.ReflectionSupport.invokeMethod(ReflectionSupport.java:502)
	at org.junit.jupiter.engine.support.MethodReflectionUtils.invoke(MethodReflectionUtils.java:45)
	at org.junit.jupiter.engine.execution.MethodInvocation.proceed(MethodInvocation.java:61)
	at org.junit.jupiter.engine.execution.InvocationInterceptorChain$ValidatingInvocation.proceed(InvocationInterceptorChain.java:124)
	at org.junit.jupiter.engine.extension.TimeoutExtension.intercept(TimeoutExtension.java:163)
	at org.junit.jupiter.engine.extension.TimeoutExtension.interceptTestableMethod(TimeoutExtension.java:148)
	at org.junit.jupiter.engine.extension.TimeoutExtension.interceptTestMethod(TimeoutExtension.java:86)
	at org.junit.jupiter.engine.execution.InterceptingExecutableInvoker$ReflectiveInterceptorCall.lambda$ofVoidMethod$0(InterceptingExecutableInvoker.java:123)
	at org.junit.jupiter.engine.execution.InterceptingExecutableInvoker.lambda$invoke$0(InterceptingExecutableInvoker.java:105)
	at org.junit.jupiter.engine.execution.InvocationInterceptorChain$InterceptedInvocation.proceed(InvocationInterceptorChain.java:99)
	at org.junit.jupiter.engine.execution.InvocationInterceptorChain.proceed(InvocationInterceptorChain.java:66)
	at org.junit.jupiter.engine.execution.InvocationInterceptorChain.chainAndInvoke(InvocationInterceptorChain.java:47)
	at org.junit.jupiter.engine.execution.InvocationInterceptorChain.invoke(InvocationInterceptorChain.java:39)
	at org.junit.jupiter.engine.execution.InterceptingExecutableInvoker.invoke(InterceptingExecutableInvoker.java:104)
	at org.junit.jupiter.engine.execution.InterceptingExecutableInvoker.invoke(InterceptingExecutableInvoker.java:98)
	at org.junit.jupiter.engine.execution.InterceptingExecutableInvoker.invokeVoid(InterceptingExecutableInvoker.java:71)
	at org.junit.jupiter.engine.descriptor.TestMethodTestDescriptor.lambda$invokeTestMethod$0(TestMethodTestDescriptor.java:219)
	at org.junit.platform.engine.support.hierarchical.ThrowableCollector.execute(ThrowableCollector.java:74)
	at org.junit.jupiter.engine.descriptor.TestMethodTestDescriptor.invokeTestMethod(TestMethodTestDescriptor.java:215)
	at org.junit.jupiter.engine.descriptor.TestMethodTestDescriptor.execute(TestMethodTestDescriptor.java:157)
	at org.junit.jupiter.engine.descriptor.TestMethodTestDescriptor.execute(TestMethodTestDescriptor.java:70)
	at org.junit.platform.engine.support.hierarchical.NodeTestTask.lambda$executeRecursively$2(NodeTestTask.java:176)
	at org.junit.platform.engine.support.hierarchical.ThrowableCollector.execute(ThrowableCollector.java:74)
	at org.junit.platform.engine.support.hierarchical.NodeTestTask.lambda$executeRecursively$1(NodeTestTask.java:166)
	at org.junit.platform.engine.support.hierarchical.Node.around(Node.java:138)
	at org.junit.platform.engine.support.hierarchical.NodeTestTask.lambda$executeRecursively$0(NodeTestTask.java:164)
	at org.junit.platform.engine.support.hierarchical.ThrowableCollector.execute(ThrowableCollector.java:74)
	at org.junit.platform.engine.support.hierarchical.NodeTestTask.executeRecursively(NodeTestTask.java:163)
	at org.junit.platform.engine.support.hierarchical.NodeTestTask.execute(NodeTestTask.java:116)
	at java.base/java.util.ArrayList.forEach(ArrayList.java:1596)
	at org.junit.platform.engine.support.hierarchical.SameThreadHierarchicalTestExecutorService.invokeAll(SameThreadHierarchicalTestExecutorService.java:42)
	at org.junit.platform.engine.support.hierarchical.NodeTestTask.lambda$executeRecursively$2(NodeTestTask.java:180)
	at org.junit.platform.engine.support.hierarchical.ThrowableCollector.execute(ThrowableCollector.java:74)
	at org.junit.platform.engine.support.hierarchical.NodeTestTask.lambda$executeRecursively$1(NodeTestTask.java:166)
	at org.junit.platform.engine.support.hierarchical.Node.around(Node.java:138)
	at org.junit.platform.engine.support.hierarchical.NodeTestTask.lambda$executeRecursively$0(NodeTestTask.java:164)
	at org.junit.platform.engine.support.hierarchical.ThrowableCollector.execute(ThrowableCollector.java:74)
	at org.junit.platform.engine.support.hierarchical.NodeTestTask.executeRecursively(NodeTestTask.java:163)
	at org.junit.platform.engine.support.hierarchical.NodeTestTask.execute(NodeTestTask.java:116)
	at java.base/java.util.ArrayList.forEach(ArrayList.java:1596)
	at org.junit.platform.engine.support.hierarchical.SameThreadHierarchicalTestExecutorService.invokeAll(SameThreadHierarchicalTestExecutorService.java:42)
	at org.junit.platform.engine.support.hierarchical.NodeTestTask.lambda$executeRecursively$2(NodeTestTask.java:180)
	at org.junit.platform.engine.support.hierarchical.ThrowableCollector.execute(ThrowableCollector.java:74)
	at org.junit.platform.engine.support.hierarchical.NodeTestTask.lambda$executeRecursively$1(NodeTestTask.java:166)
	at org.junit.platform.engine.support.hierarchical.Node.around(Node.java:138)
	at org.junit.platform.engine.support.hierarchical.NodeTestTask.lambda$executeRecursively$0(NodeTestTask.java:164)
	at org.junit.platform.engine.support.hierarchical.ThrowableCollector.execute(ThrowableCollector.java:74)
	at org.junit.platform.engine.support.hierarchical.NodeTestTask.executeRecursively(NodeTestTask.java:163)
	at org.junit.platform.engine.support.hierarchical.NodeTestTask.execute(NodeTestTask.java:116)
	at org.junit.platform.engine.support.hierarchical.SameThreadHierarchicalTestExecutorService.submit(SameThreadHierarchicalTestExecutorService.java:36)
	at org.junit.platform.engine.support.hierarchical.HierarchicalTestExecutor.execute(HierarchicalTestExecutor.java:52)
	at org.junit.platform.engine.support.hierarchical.HierarchicalTestEngine.execute(HierarchicalTestEngine.java:58)
	at org.junit.platform.launcher.core.EngineExecutionOrchestrator.executeEngine(EngineExecutionOrchestrator.java:246)
	at org.junit.platform.launcher.core.EngineExecutionOrchestrator.failOrExecuteEngine(EngineExecutionOrchestrator.java:218)
	at org.junit.platform.launcher.core.EngineExecutionOrchestrator.execute(EngineExecutionOrchestrator.java:179)
	at org.junit.platform.launcher.core.EngineExecutionOrchestrator.execute(EngineExecutionOrchestrator.java:108)
	at org.junit.platform.launcher.core.EngineExecutionOrchestrator.lambda$execute$0(EngineExecutionOrchestrator.java:66)
	at org.junit.platform.launcher.core.EngineExecutionOrchestrator.withInterceptedStreams(EngineExecutionOrchestrator.java:157)
	at org.junit.platform.launcher.core.EngineExecutionOrchestrator.execute(EngineExecutionOrchestrator.java:65)
	at org.junit.platform.launcher.core.DefaultLauncher.execute(DefaultLauncher.java:125)
	at org.junit.platform.launcher.core.DefaultLauncher.execute(DefaultLauncher.java:114)
	at org.junit.platform.launcher.core.DelegatingLauncher.execute(DelegatingLauncher.java:58)
	at org.junit.platform.launcher.core.InterceptingLauncher.lambda$execute$2(InterceptingLauncher.java:57)
	at org.junit.platform.launcher.core.ClasspathAlignmentCheckingLauncherInterceptor.intercept(ClasspathAlignmentCheckingLauncherInterceptor.java:25)
	at org.junit.platform.launcher.core.InterceptingLauncher.execute(InterceptingLauncher.java:56)
	at org.junit.platform.launcher.core.DelegatingLauncher.execute(DelegatingLauncher.java:58)
	at java.base/jdk.internal.reflect.DirectMethodHandleAccessor.invoke(DirectMethodHandleAccessor.java:103)
	at java.base/java.lang.reflect.Method.invoke(Method.java:580)
	at org.apache.maven.surefire.api.util.ReflectionUtils.invokeMethodWithArray(ReflectionUtils.java:125)
	at org.apache.maven.surefire.junitplatform.LauncherAdapter.executeWithCancellationToken(LauncherAdapter.java:68)
	at org.apache.maven.surefire.junitplatform.LauncherAdapter.execute(LauncherAdapter.java:54)
	at org.apache.maven.surefire.junitplatform.JUnitPlatformProvider.execute(JUnitPlatformProvider.java:203)
	at org.apache.maven.surefire.junitplatform.JUnitPlatformProvider.invokeAllTests(JUnitPlatformProvider.java:168)
	at org.apache.maven.surefire.junitplatform.JUnitPlatformProvider.invoke(JUnitPlatformProvider.java:136)
	at org.apache.maven.surefire.booter.ForkedBooter.runSuitesInProcess(ForkedBooter.java:385)
	at org.apache.maven.surefire.booter.ForkedBooter.execute(ForkedBooter.java:162)
	at org.apache.maven.surefire.booter.ForkedBooter.run(ForkedBooter.java:507)
	at org.apache.maven.surefire.booter.ForkedBooter.main(ForkedBooter.java:495)

2026-07-25T13:21:02.880+05:30  INFO 20344 --- [           main] c.s.b.c.c.EndpointLoggingInterceptor     : [traceId=, userId=, tenantId=] Endpoint: POST /api/v1/auth/login | Status: 401 | User: Anonymous | Time: 182ms
2026-07-25T13:21:02.904+05:30 DEBUG 20344 --- [           main] c.s.b.c.c.EndpointLoggingInterceptor     : [traceId=, userId=, tenantId=] Incoming Request: POST /api/v1/auth/login
Hibernate: select pa1_0.id,pa1_0.created_at,pa1_0.created_by,pa1_0.deleted_at,pa1_0.email,pa1_0.last_modified_by,pa1_0.name,pa1_0.password_hash,pa1_0.updated_at from platform_admins pa1_0 where (pa1_0.deleted_at IS NULL) and pa1_0.email=? and pa1_0.deleted_at is null
Hibernate: select u1_0.id,ar1_0.id,ar1_0.created_at,ar1_0.created_by,ar1_0.deleted_at,ar1_0.description,ar1_0.is_system_role,ar1_0.last_modified_by,ar1_0.name,p1_0.role_id,p1_1.id,p1_1.code,p1_1.created_at,p1_1.description,p1_1.module,ar1_0.tenant_id,ar1_0.updated_at,u1_0.created_at,u1_0.created_by,u1_0.deleted_at,u1_0.email,u1_0.failed_login_attempts,u1_0.last_modified_by,u1_0.locked_until,u1_0.name,u1_0.password_change_required,u1_0.password_hash,u1_0.tenant_id,u1_0.updated_at,u1_0.user_type from users u1_0 left join roles ar1_0 on ar1_0.id=u1_0.role_id and (ar1_0.deleted_at IS NULL) left join role_permissions p1_0 on ar1_0.id=p1_0.role_id left join permissions p1_1 on p1_1.id=p1_0.permission_id where (u1_0.deleted_at IS NULL) and u1_0.email=? and u1_0.deleted_at is null
2026-07-25T13:21:02.930+05:30  WARN 20344 --- [           main] c.s.b.c.e.GlobalExceptionHandler         : [traceId=, userId=, tenantId=] Authentication failed at /api/v1/auth/login: Invalid email or password

com.spiceflow.backend.common.exception.InvalidCredentialsException: Invalid email or password
	at com.spiceflow.backend.auth.service.AuthService.lambda$login$0(AuthService.java:112)
	at java.base/java.util.Optional.orElseThrow(Optional.java:403)
	at com.spiceflow.backend.auth.service.AuthService.login(AuthService.java:112)
	at java.base/jdk.internal.reflect.DirectMethodHandleAccessor.invoke(DirectMethodHandleAccessor.java:103)
	at java.base/java.lang.reflect.Method.invoke(Method.java:580)
	at org.springframework.aop.support.AopUtils.invokeJoinpointUsingReflection(AopUtils.java:359)
	at org.springframework.aop.framework.ReflectiveMethodInvocation.invokeJoinpoint(ReflectiveMethodInvocation.java:190)
	at org.springframework.aop.framework.ReflectiveMethodInvocation.proceed(ReflectiveMethodInvocation.java:158)
	at org.springframework.transaction.interceptor.TransactionInterceptor$1.proceedWithInvocation(TransactionInterceptor.java:133)
	at org.springframework.transaction.interceptor.TransactionAspectSupport.invokeWithinTransaction(TransactionAspectSupport.java:371)
	at org.springframework.transaction.interceptor.TransactionInterceptor.invoke(TransactionInterceptor.java:130)
	at org.springframework.aop.framework.ReflectiveMethodInvocation.proceed(ReflectiveMethodInvocation.java:179)
	at org.springframework.aop.framework.CglibAopProxy$DynamicAdvisedInterceptor.intercept(CglibAopProxy.java:719)
	at com.spiceflow.backend.auth.service.AuthService$$SpringCGLIB$$0.login(<generated>)
	at com.spiceflow.backend.auth.controller.AuthController.login(AuthController.java:103)
	at java.base/jdk.internal.reflect.DirectMethodHandleAccessor.invoke(DirectMethodHandleAccessor.java:103)
	at java.base/java.lang.reflect.Method.invoke(Method.java:580)
	at org.springframework.aop.support.AopUtils.invokeJoinpointUsingReflection(AopUtils.java:359)
	at org.springframework.aop.framework.ReflectiveMethodInvocation.invokeJoinpoint(ReflectiveMethodInvocation.java:190)
	at org.springframework.aop.framework.ReflectiveMethodInvocation.proceed(ReflectiveMethodInvocation.java:158)
	at org.springframework.validation.beanvalidation.MethodValidationInterceptor.invoke(MethodValidationInterceptor.java:172)
	at org.springframework.aop.framework.ReflectiveMethodInvocation.proceed(ReflectiveMethodInvocation.java:179)
	at org.springframework.aop.framework.CglibAopProxy$DynamicAdvisedInterceptor.intercept(CglibAopProxy.java:719)
	at com.spiceflow.backend.auth.controller.AuthController$$SpringCGLIB$$1.login(<generated>)
	at java.base/jdk.internal.reflect.DirectMethodHandleAccessor.invoke(DirectMethodHandleAccessor.java:103)
	at java.base/java.lang.reflect.Method.invoke(Method.java:580)
	at org.springframework.web.method.support.InvocableHandlerMethod.doInvoke(InvocableHandlerMethod.java:252)
	at org.springframework.web.method.support.InvocableHandlerMethod.invokeForRequest(InvocableHandlerMethod.java:184)
	at org.springframework.web.servlet.mvc.method.annotation.ServletInvocableHandlerMethod.invokeAndHandle(ServletInvocableHandlerMethod.java:117)
	at org.springframework.web.servlet.mvc.method.annotation.RequestMappingHandlerAdapter.invokeHandlerMethod(RequestMappingHandlerAdapter.java:934)
	at org.springframework.web.servlet.mvc.method.annotation.RequestMappingHandlerAdapter.handleInternal(RequestMappingHandlerAdapter.java:853)
	at org.springframework.web.servlet.mvc.method.AbstractHandlerMethodAdapter.handle(AbstractHandlerMethodAdapter.java:86)
	at org.springframework.web.servlet.DispatcherServlet.doDispatch(DispatcherServlet.java:963)
	at org.springframework.web.servlet.DispatcherServlet.doService(DispatcherServlet.java:866)
	at org.springframework.web.servlet.FrameworkServlet.processRequest(FrameworkServlet.java:1000)
	at org.springframework.web.servlet.FrameworkServlet.doPost(FrameworkServlet.java:903)
	at jakarta.servlet.http.HttpServlet.service(HttpServlet.java:649)
	at org.springframework.web.servlet.FrameworkServlet.service(FrameworkServlet.java:874)
	at org.springframework.test.web.servlet.TestDispatcherServlet.service(TestDispatcherServlet.java:72)
	at jakarta.servlet.http.HttpServlet.service(HttpServlet.java:710)
	at org.springframework.mock.web.MockFilterChain$ServletFilterProxy.doFilter(MockFilterChain.java:160)
	at org.springframework.mock.web.MockFilterChain.doFilter(MockFilterChain.java:127)
	at org.springframework.web.filter.CompositeFilter$VirtualFilterChain.doFilter(CompositeFilter.java:108)
	at org.springframework.security.web.FilterChainProxy.lambda$doFilterInternal$3(FilterChainProxy.java:235)
	at org.springframework.security.web.ObservationFilterChainDecorator$FilterObservation$SimpleFilterObservation.lambda$wrap$1(ObservationFilterChainDecorator.java:493)
	at org.springframework.security.web.ObservationFilterChainDecorator$AroundFilterObservation$SimpleAroundFilterObservation.lambda$wrap$1(ObservationFilterChainDecorator.java:354)
	at org.springframework.security.web.ObservationFilterChainDecorator.lambda$wrapSecured$0(ObservationFilterChainDecorator.java:86)
	at org.springframework.security.web.ObservationFilterChainDecorator$VirtualFilterChain.doFilter(ObservationFilterChainDecorator.java:132)
	at org.springframework.security.web.access.intercept.AuthorizationFilter.doFilter(AuthorizationFilter.java:101)
	at org.springframework.security.web.ObservationFilterChainDecorator$ObservationFilter.wrapFilter(ObservationFilterChainDecorator.java:244)
	at org.springframework.security.web.ObservationFilterChainDecorator$ObservationFilter.doFilter(ObservationFilterChainDecorator.java:231)
	at org.springframework.security.web.ObservationFilterChainDecorator$VirtualFilterChain.doFilter(ObservationFilterChainDecorator.java:141)
	at org.springframework.security.web.access.ExceptionTranslationFilter.doFilter(ExceptionTranslationFilter.java:126)
	at org.springframework.security.web.access.ExceptionTranslationFilter.doFilter(ExceptionTranslationFilter.java:120)
	at org.springframework.security.web.ObservationFilterChainDecorator$ObservationFilter.wrapFilter(ObservationFilterChainDecorator.java:244)
	at org.springframework.security.web.ObservationFilterChainDecorator$ObservationFilter.doFilter(ObservationFilterChainDecorator.java:231)
	at org.springframework.security.web.ObservationFilterChainDecorator$VirtualFilterChain.doFilter(ObservationFilterChainDecorator.java:141)
	at org.springframework.security.web.session.SessionManagementFilter.doFilter(SessionManagementFilter.java:132)
	at org.springframework.security.web.session.SessionManagementFilter.doFilter(SessionManagementFilter.java:86)
	at org.springframework.security.web.ObservationFilterChainDecorator$ObservationFilter.wrapFilter(ObservationFilterChainDecorator.java:244)
	at org.springframework.security.web.ObservationFilterChainDecorator$ObservationFilter.doFilter(ObservationFilterChainDecorator.java:231)
	at org.springframework.security.web.ObservationFilterChainDecorator$VirtualFilterChain.doFilter(ObservationFilterChainDecorator.java:141)
	at org.springframework.security.web.authentication.AnonymousAuthenticationFilter.doFilter(AnonymousAuthenticationFilter.java:100)
	at org.springframework.security.web.ObservationFilterChainDecorator$ObservationFilter.wrapFilter(ObservationFilterChainDecorator.java:244)
	at org.springframework.security.web.ObservationFilterChainDecorator$ObservationFilter.doFilter(ObservationFilterChainDecorator.java:231)
	at org.springframework.security.web.ObservationFilterChainDecorator$VirtualFilterChain.doFilter(ObservationFilterChainDecorator.java:141)
	at org.springframework.security.web.servletapi.SecurityContextHolderAwareRequestFilter.doFilter(SecurityContextHolderAwareRequestFilter.java:181)
	at org.springframework.security.web.ObservationFilterChainDecorator$ObservationFilter.wrapFilter(ObservationFilterChainDecorator.java:244)
	at org.springframework.security.web.ObservationFilterChainDecorator$ObservationFilter.doFilter(ObservationFilterChainDecorator.java:231)
	at org.springframework.security.web.ObservationFilterChainDecorator$VirtualFilterChain.doFilter(ObservationFilterChainDecorator.java:141)
	at org.springframework.security.web.savedrequest.RequestCacheAwareFilter.doFilter(RequestCacheAwareFilter.java:63)
	at org.springframework.security.web.ObservationFilterChainDecorator$ObservationFilter.wrapFilter(ObservationFilterChainDecorator.java:244)
	at org.springframework.security.web.ObservationFilterChainDecorator$ObservationFilter.doFilter(ObservationFilterChainDecorator.java:231)
	at org.springframework.security.web.ObservationFilterChainDecorator$VirtualFilterChain.doFilter(ObservationFilterChainDecorator.java:141)
	at com.spiceflow.backend.security.config.RateLimitFilter.doFilterInternal(RateLimitFilter.java:68)
	at org.springframework.web.filter.OncePerRequestFilter.doFilter(OncePerRequestFilter.java:116)
	at org.springframework.security.web.ObservationFilterChainDecorator$ObservationFilter.wrapFilter(ObservationFilterChainDecorator.java:244)
	at org.springframework.security.web.ObservationFilterChainDecorator$ObservationFilter.doFilter(ObservationFilterChainDecorator.java:231)
	at org.springframework.security.web.ObservationFilterChainDecorator$VirtualFilterChain.doFilter(ObservationFilterChainDecorator.java:141)
	at com.spiceflow.backend.auth.filter.JwtAuthenticationFilter.doFilterInternal(JwtAuthenticationFilter.java:166)
	at org.springframework.web.filter.OncePerRequestFilter.doFilter(OncePerRequestFilter.java:116)
	at org.springframework.security.web.ObservationFilterChainDecorator$ObservationFilter.wrapFilter(ObservationFilterChainDecorator.java:244)
	at org.springframework.security.web.ObservationFilterChainDecorator$ObservationFilter.doFilter(ObservationFilterChainDecorator.java:231)
	at org.springframework.security.web.ObservationFilterChainDecorator$VirtualFilterChain.doFilter(ObservationFilterChainDecorator.java:141)
	at org.springframework.security.web.authentication.logout.LogoutFilter.doFilter(LogoutFilter.java:110)
	at org.springframework.security.web.authentication.logout.LogoutFilter.doFilter(LogoutFilter.java:96)
	at org.springframework.security.web.ObservationFilterChainDecorator$ObservationFilter.wrapFilter(ObservationFilterChainDecorator.java:244)
	at org.springframework.security.web.ObservationFilterChainDecorator$ObservationFilter.doFilter(ObservationFilterChainDecorator.java:231)
	at org.springframework.security.web.ObservationFilterChainDecorator$VirtualFilterChain.doFilter(ObservationFilterChainDecorator.java:141)
	at org.springframework.web.filter.CorsFilter.doFilterInternal(CorsFilter.java:91)
	at org.springframework.web.filter.OncePerRequestFilter.doFilter(OncePerRequestFilter.java:116)
	at org.springframework.security.web.ObservationFilterChainDecorator$ObservationFilter.wrapFilter(ObservationFilterChainDecorator.java:244)
	at org.springframework.security.web.ObservationFilterChainDecorator$ObservationFilter.doFilter(ObservationFilterChainDecorator.java:231)
	at org.springframework.security.web.ObservationFilterChainDecorator$VirtualFilterChain.doFilter(ObservationFilterChainDecorator.java:141)
	at org.springframework.security.web.header.HeaderWriterFilter.doHeadersAfter(HeaderWriterFilter.java:90)
	at org.springframework.security.web.header.HeaderWriterFilter.doFilterInternal(HeaderWriterFilter.java:75)
	at org.springframework.web.filter.OncePerRequestFilter.doFilter(OncePerRequestFilter.java:116)
	at org.springframework.security.web.ObservationFilterChainDecorator$ObservationFilter.wrapFilter(ObservationFilterChainDecorator.java:244)
	at org.springframework.security.web.ObservationFilterChainDecorator$ObservationFilter.doFilter(ObservationFilterChainDecorator.java:231)
	at org.springframework.security.web.ObservationFilterChainDecorator$VirtualFilterChain.doFilter(ObservationFilterChainDecorator.java:141)
	at org.springframework.security.web.context.SecurityContextHolderFilter.doFilter(SecurityContextHolderFilter.java:82)
	at org.springframework.security.web.context.SecurityContextHolderFilter.doFilter(SecurityContextHolderFilter.java:69)
	at org.springframework.security.web.ObservationFilterChainDecorator$ObservationFilter.wrapFilter(ObservationFilterChainDecorator.java:244)
	at org.springframework.security.web.ObservationFilterChainDecorator$ObservationFilter.doFilter(ObservationFilterChainDecorator.java:231)
[...]
	at org.springframework.mock.web.MockFilterChain.doFilter(MockFilterChain.java:127)
	at org.springframework.web.filter.CompositeFilter$VirtualFilterChain.doFilter(CompositeFilter.java:108)
	at org.springframework.security.web.FilterChainProxy.lambda$doFilterInternal$3(FilterChainProxy.java:235)
	at org.springframework.security.web.ObservationFilterChainDecorator$FilterObservation$SimpleFilterObservation.lambda$wrap$1(ObservationFilterChainDecorator.java:493)
	at org.springframework.security.web.ObservationFilterChainDecorator$AroundFilterObservation$SimpleAroundFilterObservation.lambda$wrap$1(ObservationFilterChainDecorator.java:354)
	at org.springframework.security.web.ObservationFilterChainDecorator.lambda$wrapSecured$0(ObservationFilterChainDecorator.java:86)
	at org.springframework.security.web.ObservationFilterChainDecorator$VirtualFilterChain.doFilter(ObservationFilterChainDecorator.java:132)
	at org.springframework.security.web.access.intercept.AuthorizationFilter.doFilter(AuthorizationFilter.java:101)
	at org.springframework.security.web.ObservationFilterChainDecorator$ObservationFilter.wrapFilter(ObservationFilterChainDecorator.java:244)
	at org.springframework.security.web.ObservationFilterChainDecorator$ObservationFilter.doFilter(ObservationFilterChainDecorator.java:231)
	at org.springframework.security.web.ObservationFilterChainDecorator$VirtualFilterChain.doFilter(ObservationFilterChainDecorator.java:141)
	at org.springframework.security.web.access.ExceptionTranslationFilter.doFilter(ExceptionTranslationFilter.java:126)
	at org.springframework.security.web.access.ExceptionTranslationFilter.doFilter(ExceptionTranslationFilter.java:120)
	at org.springframework.security.web.ObservationFilterChainDecorator$ObservationFilter.wrapFilter(ObservationFilterChainDecorator.java:244)
	at org.springframework.security.web.ObservationFilterChainDecorator$ObservationFilter.doFilter(ObservationFilterChainDecorator.java:231)
	at org.springframework.security.web.ObservationFilterChainDecorator$VirtualFilterChain.doFilter(ObservationFilterChainDecorator.java:141)
	at org.springframework.security.web.session.SessionManagementFilter.doFilter(SessionManagementFilter.java:132)
	at org.springframework.security.web.session.SessionManagementFilter.doFilter(SessionManagementFilter.java:86)
	at org.springframework.security.web.ObservationFilterChainDecorator$ObservationFilter.wrapFilter(ObservationFilterChainDecorator.java:244)
	at org.springframework.security.web.ObservationFilterChainDecorator$ObservationFilter.doFilter(ObservationFilterChainDecorator.java:231)
	at org.springframework.security.web.ObservationFilterChainDecorator$VirtualFilterChain.doFilter(ObservationFilterChainDecorator.java:141)
	at org.springframework.security.web.authentication.AnonymousAuthenticationFilter.doFilter(AnonymousAuthenticationFilter.java:100)
	at org.springframework.security.web.ObservationFilterChainDecorator$ObservationFilter.wrapFilter(ObservationFilterChainDecorator.java:244)
	at org.springframework.security.web.ObservationFilterChainDecorator$ObservationFilter.doFilter(ObservationFilterChainDecorator.java:231)
	at org.springframework.security.web.ObservationFilterChainDecorator$VirtualFilterChain.doFilter(ObservationFilterChainDecorator.java:141)
	at org.springframework.security.web.servletapi.SecurityContextHolderAwareRequestFilter.doFilter(SecurityContextHolderAwareRequestFilter.java:181)
	at org.springframework.security.web.ObservationFilterChainDecorator$ObservationFilter.wrapFilter(ObservationFilterChainDecorator.java:244)
	at org.springframework.security.web.ObservationFilterChainDecorator$ObservationFilter.doFilter(ObservationFilterChainDecorator.java:231)
	at org.springframework.security.web.ObservationFilterChainDecorator$VirtualFilterChain.doFilter(ObservationFilterChainDecorator.java:141)
	at org.springframework.security.web.savedrequest.RequestCacheAwareFilter.doFilter(RequestCacheAwareFilter.java:63)
	at org.springframework.security.web.ObservationFilterChainDecorator$ObservationFilter.wrapFilter(ObservationFilterChainDecorator.java:244)
	at org.springframework.security.web.ObservationFilterChainDecorator$ObservationFilter.doFilter(ObservationFilterChainDecorator.java:231)
	at org.springframework.security.web.ObservationFilterChainDecorator$VirtualFilterChain.doFilter(ObservationFilterChainDecorator.java:141)
	at com.spiceflow.backend.security.config.RateLimitFilter.doFilterInternal(RateLimitFilter.java:68)
	at org.springframework.web.filter.OncePerRequestFilter.doFilter(OncePerRequestFilter.java:116)
	at org.springframework.security.web.ObservationFilterChainDecorator$ObservationFilter.wrapFilter(ObservationFilterChainDecorator.java:244)
	at org.springframework.security.web.ObservationFilterChainDecorator$ObservationFilter.doFilter(ObservationFilterChainDecorator.java:231)
	at org.springframework.security.web.ObservationFilterChainDecorator$VirtualFilterChain.doFilter(ObservationFilterChainDecorator.java:141)
	at com.spiceflow.backend.auth.filter.JwtAuthenticationFilter.doFilterInternal(JwtAuthenticationFilter.java:166)
	at org.springframework.web.filter.OncePerRequestFilter.doFilter(OncePerRequestFilter.java:116)
	at org.springframework.security.web.ObservationFilterChainDecorator$ObservationFilter.wrapFilter(ObservationFilterChainDecorator.java:244)
	at org.springframework.security.web.ObservationFilterChainDecorator$ObservationFilter.doFilter(ObservationFilterChainDecorator.java:231)
	at org.springframework.security.web.ObservationFilterChainDecorator$VirtualFilterChain.doFilter(ObservationFilterChainDecorator.java:141)
	at org.springframework.security.web.authentication.logout.LogoutFilter.doFilter(LogoutFilter.java:110)
	at org.springframework.security.web.authentication.logout.LogoutFilter.doFilter(LogoutFilter.java:96)
	at org.springframework.security.web.ObservationFilterChainDecorator$ObservationFilter.wrapFilter(ObservationFilterChainDecorator.java:244)
	at org.springframework.security.web.ObservationFilterChainDecorator$ObservationFilter.doFilter(ObservationFilterChainDecorator.java:231)
	at org.springframework.security.web.ObservationFilterChainDecorator$VirtualFilterChain.doFilter(ObservationFilterChainDecorator.java:141)
	at org.springframework.web.filter.CorsFilter.doFilterInternal(CorsFilter.java:91)
	at org.springframework.web.filter.OncePerRequestFilter.doFilter(OncePerRequestFilter.java:116)
	at org.springframework.security.web.ObservationFilterChainDecorator$ObservationFilter.wrapFilter(ObservationFilterChainDecorator.java:244)
	at org.springframework.security.web.ObservationFilterChainDecorator$ObservationFilter.doFilter(ObservationFilterChainDecorator.java:231)
	at org.springframework.security.web.ObservationFilterChainDecorator$VirtualFilterChain.doFilter(ObservationFilterChainDecorator.java:141)
	at org.springframework.security.web.header.HeaderWriterFilter.doHeadersAfter(HeaderWriterFilter.java:90)
	at org.springframework.security.web.header.HeaderWriterFilter.doFilterInternal(HeaderWriterFilter.java:75)
	at org.springframework.web.filter.OncePerRequestFilter.doFilter(OncePerRequestFilter.java:116)
	at org.springframework.security.web.ObservationFilterChainDecorator$ObservationFilter.wrapFilter(ObservationFilterChainDecorator.java:244)
	at org.springframework.security.web.ObservationFilterChainDecorator$ObservationFilter.doFilter(ObservationFilterChainDecorator.java:231)
	at org.springframework.security.web.ObservationFilterChainDecorator$VirtualFilterChain.doFilter(ObservationFilterChainDecorator.java:141)
	at org.springframework.security.web.context.SecurityContextHolderFilter.doFilter(SecurityContextHolderFilter.java:82)
	at org.springframework.security.web.context.SecurityContextHolderFilter.doFilter(SecurityContextHolderFilter.java:69)
	at org.springframework.security.web.ObservationFilterChainDecorator$ObservationFilter.wrapFilter(ObservationFilterChainDecorator.java:244)
	at org.springframework.security.web.ObservationFilterChainDecorator$ObservationFilter.doFilter(ObservationFilterChainDecorator.java:231)
	at org.springframework.security.web.ObservationFilterChainDecorator$VirtualFilterChain.doFilter(ObservationFilterChainDecorator.java:141)
	at org.springframework.security.web.context.request.async.WebAsyncManagerIntegrationFilter.doFilterInternal(WebAsyncManagerIntegrationFilter.java:62)
	at org.springframework.web.filter.OncePerRequestFilter.doFilter(OncePerRequestFilter.java:116)
	at org.springframework.security.web.ObservationFilterChainDecorator$ObservationFilter.wrapFilter(ObservationFilterChainDecorator.java:244)
	at org.springframework.security.web.ObservationFilterChainDecorator$ObservationFilter.doFilter(ObservationFilterChainDecorator.java:231)
	at org.springframework.security.web.ObservationFilterChainDecorator$VirtualFilterChain.doFilter(ObservationFilterChainDecorator.java:141)
	at org.springframework.security.web.session.DisableEncodeUrlFilter.doFilterInternal(DisableEncodeUrlFilter.java:42)
	at org.springframework.web.filter.OncePerRequestFilter.doFilter(OncePerRequestFilter.java:116)
	at org.springframework.security.web.ObservationFilterChainDecorator$ObservationFilter.wrapFilter(ObservationFilterChainDecorator.java:244)
	at org.springframework.security.web.ObservationFilterChainDecorator$AroundFilterObservation$SimpleAroundFilterObservation.lambda$wrap$0(ObservationFilterChainDecorator.java:337)
	at org.springframework.security.web.ObservationFilterChainDecorator$ObservationFilter.doFilter(ObservationFilterChainDecorator.java:228)
	at org.springframework.security.web.ObservationFilterChainDecorator$VirtualFilterChain.doFilter(ObservationFilterChainDecorator.java:141)
	at org.springframework.security.web.FilterChainProxy.doFilterInternal(FilterChainProxy.java:237)
	at org.springframework.security.web.FilterChainProxy.doFilter(FilterChainProxy.java:195)
	at org.springframework.web.filter.CompositeFilter$VirtualFilterChain.doFilter(CompositeFilter.java:113)
	at org.springframework.web.filter.ServletRequestPathFilter.doFilter(ServletRequestPathFilter.java:52)
	at org.springframework.web.filter.CompositeFilter$VirtualFilterChain.doFilter(CompositeFilter.java:113)
	at org.springframework.web.filter.CompositeFilter.doFilter(CompositeFilter.java:74)
	at org.springframework.security.config.annotation.web.configuration.WebSecurityConfiguration$CompositeFilterChainProxy.doFilter(WebSecurityConfiguration.java:317)
	at org.springframework.security.test.web.servlet.setup.SecurityMockMvcConfigurer$DelegateFilter.doFilter(SecurityMockMvcConfigurer.java:135)
	at org.springframework.mock.web.MockFilterChain.doFilter(MockFilterChain.java:127)
	at org.springframework.test.web.servlet.MockMvc.perform(MockMvc.java:199)
	at com.spiceflow.backend.security.config.RateLimitIntegrationTest.shouldReturnTooManyRequestsWhenLimitExceeded(RateLimitIntegrationTest.java:62)
	at java.base/jdk.internal.reflect.DirectMethodHandleAccessor.invoke(DirectMethodHandleAccessor.java:103)
	at java.base/java.lang.reflect.Method.invoke(Method.java:580)
	at org.junit.platform.commons.util.ReflectionUtils.invokeMethod(ReflectionUtils.java:701)
	at org.junit.platform.commons.support.ReflectionSupport.invokeMethod(ReflectionSupport.java:502)
	at org.junit.jupiter.engine.support.MethodReflectionUtils.invoke(MethodReflectionUtils.java:45)
	at org.junit.jupiter.engine.execution.MethodInvocation.proceed(MethodInvocation.java:61)
	at org.junit.jupiter.engine.execution.InvocationInterceptorChain$ValidatingInvocation.proceed(InvocationInterceptorChain.java:124)
	at org.junit.jupiter.engine.extension.TimeoutExtension.intercept(TimeoutExtension.java:163)
	at org.junit.jupiter.engine.extension.TimeoutExtension.interceptTestableMethod(TimeoutExtension.java:148)
	at org.junit.jupiter.engine.extension.TimeoutExtension.interceptTestMethod(TimeoutExtension.java:86)
	at org.junit.jupiter.engine.execution.InterceptingExecutableInvoker$ReflectiveInterceptorCall.lambda$ofVoidMethod$0(InterceptingExecutableInvoker.java:123)
	at org.junit.jupiter.engine.execution.InterceptingExecutableInvoker.lambda$invoke$0(InterceptingExecutableInvoker.java:105)
	at org.junit.jupiter.engine.execution.InvocationInterceptorChain$InterceptedInvocation.proceed(InvocationInterceptorChain.java:99)
	at org.junit.jupiter.engine.execution.InvocationInterceptorChain.proceed(InvocationInterceptorChain.java:66)
	at org.junit.jupiter.engine.execution.InvocationInterceptorChain.chainAndInvoke(InvocationInterceptorChain.java:47)
	at org.junit.jupiter.engine.execution.InvocationInterceptorChain.invoke(InvocationInterceptorChain.java:39)
	at org.junit.jupiter.engine.execution.InterceptingExecutableInvoker.invoke(InterceptingExecutableInvoker.java:104)
	at org.junit.jupiter.engine.execution.InterceptingExecutableInvoker.invoke(InterceptingExecutableInvoker.java:98)
	at org.junit.jupiter.engine.execution.InterceptingExecutableInvoker.invokeVoid(InterceptingExecutableInvoker.java:71)
	at org.junit.jupiter.engine.descriptor.TestMethodTestDescriptor.lambda$invokeTestMethod$0(TestMethodTestDescriptor.java:219)
	at org.junit.platform.engine.support.hierarchical.ThrowableCollector.execute(ThrowableCollector.java:74)
	at org.junit.jupiter.engine.descriptor.TestMethodTestDescriptor.invokeTestMethod(TestMethodTestDescriptor.java:215)
	at org.junit.jupiter.engine.descriptor.TestMethodTestDescriptor.execute(TestMethodTestDescriptor.java:157)
	at org.junit.jupiter.engine.descriptor.TestMethodTestDescriptor.execute(TestMethodTestDescriptor.java:70)
	at org.junit.platform.engine.support.hierarchical.NodeTestTask.lambda$executeRecursively$2(NodeTestTask.java:176)
	at org.junit.platform.engine.support.hierarchical.ThrowableCollector.execute(ThrowableCollector.java:74)
	at org.junit.platform.engine.support.hierarchical.NodeTestTask.lambda$executeRecursively$1(NodeTestTask.java:166)
	at org.junit.platform.engine.support.hierarchical.Node.around(Node.java:138)
	at org.junit.platform.engine.support.hierarchical.NodeTestTask.lambda$executeRecursively$0(NodeTestTask.java:164)
	at org.junit.platform.engine.support.hierarchical.ThrowableCollector.execute(ThrowableCollector.java:74)
	at org.junit.platform.engine.support.hierarchical.NodeTestTask.executeRecursively(NodeTestTask.java:163)
	at org.junit.platform.engine.support.hierarchical.NodeTestTask.execute(NodeTestTask.java:116)
	at java.base/java.util.ArrayList.forEach(ArrayList.java:1596)
	at org.junit.platform.engine.support.hierarchical.SameThreadHierarchicalTestExecutorService.invokeAll(SameThreadHierarchicalTestExecutorService.java:42)
	at org.junit.platform.engine.support.hierarchical.NodeTestTask.lambda$executeRecursively$2(NodeTestTask.java:180)
	at org.junit.platform.engine.support.hierarchical.ThrowableCollector.execute(ThrowableCollector.java:74)
	at org.junit.platform.engine.support.hierarchical.NodeTestTask.lambda$executeRecursively$1(NodeTestTask.java:166)
	at org.junit.platform.engine.support.hierarchical.Node.around(Node.java:138)
	at org.junit.platform.engine.support.hierarchical.NodeTestTask.lambda$executeRecursively$0(NodeTestTask.java:164)
	at org.junit.platform.engine.support.hierarchical.ThrowableCollector.execute(ThrowableCollector.java:74)
	at org.junit.platform.engine.support.hierarchical.NodeTestTask.executeRecursively(NodeTestTask.java:163)
	at org.junit.platform.engine.support.hierarchical.NodeTestTask.execute(NodeTestTask.java:116)
	at java.base/java.util.ArrayList.forEach(ArrayList.java:1596)
	at org.junit.platform.engine.support.hierarchical.SameThreadHierarchicalTestExecutorService.invokeAll(SameThreadHierarchicalTestExecutorService.java:42)
	at org.junit.platform.engine.support.hierarchical.NodeTestTask.lambda$executeRecursively$2(NodeTestTask.java:180)
	at org.junit.platform.engine.support.hierarchical.ThrowableCollector.execute(ThrowableCollector.java:74)
	at org.junit.platform.engine.support.hierarchical.NodeTestTask.lambda$executeRecursively$1(NodeTestTask.java:166)
	at org.junit.platform.engine.support.hierarchical.Node.around(Node.java:138)
	at org.junit.platform.engine.support.hierarchical.NodeTestTask.lambda$executeRecursively$0(NodeTestTask.java:164)
	at org.junit.platform.engine.support.hierarchical.ThrowableCollector.execute(ThrowableCollector.java:74)
	at org.junit.platform.engine.support.hierarchical.NodeTestTask.executeRecursively(NodeTestTask.java:163)
	at org.junit.platform.engine.support.hierarchical.NodeTestTask.execute(NodeTestTask.java:116)
	at org.junit.platform.engine.support.hierarchical.SameThreadHierarchicalTestExecutorService.submit(SameThreadHierarchicalTestExecutorService.java:36)
	at org.junit.platform.engine.support.hierarchical.HierarchicalTestExecutor.execute(HierarchicalTestExecutor.java:52)
	at org.junit.platform.engine.support.hierarchical.HierarchicalTestEngine.execute(HierarchicalTestEngine.java:58)
	at org.junit.platform.launcher.core.EngineExecutionOrchestrator.executeEngine(EngineExecutionOrchestrator.java:246)
	at org.junit.platform.launcher.core.EngineExecutionOrchestrator.failOrExecuteEngine(EngineExecutionOrchestrator.java:218)
	at org.junit.platform.launcher.core.EngineExecutionOrchestrator.execute(EngineExecutionOrchestrator.java:179)
	at org.junit.platform.launcher.core.EngineExecutionOrchestrator.execute(EngineExecutionOrchestrator.java:108)
	at org.junit.platform.launcher.core.EngineExecutionOrchestrator.lambda$execute$0(EngineExecutionOrchestrator.java:66)
	at org.junit.platform.launcher.core.EngineExecutionOrchestrator.withInterceptedStreams(EngineExecutionOrchestrator.java:157)
	at org.junit.platform.launcher.core.EngineExecutionOrchestrator.execute(EngineExecutionOrchestrator.java:65)
	at org.junit.platform.launcher.core.DefaultLauncher.execute(DefaultLauncher.java:125)
	at org.junit.platform.launcher.core.DefaultLauncher.execute(DefaultLauncher.java:114)
	at org.junit.platform.launcher.core.DelegatingLauncher.execute(DelegatingLauncher.java:58)
	at org.junit.platform.launcher.core.InterceptingLauncher.lambda$execute$2(InterceptingLauncher.java:57)
	at org.junit.platform.launcher.core.ClasspathAlignmentCheckingLauncherInterceptor.intercept(ClasspathAlignmentCheckingLauncherInterceptor.java:25)
	at org.junit.platform.launcher.core.InterceptingLauncher.execute(InterceptingLauncher.java:56)
	at org.junit.platform.launcher.core.DelegatingLauncher.execute(DelegatingLauncher.java:58)
	at java.base/jdk.internal.reflect.DirectMethodHandleAccessor.invoke(DirectMethodHandleAccessor.java:103)
	at java.base/java.lang.reflect.Method.invoke(Method.java:580)
	at org.apache.maven.surefire.api.util.ReflectionUtils.invokeMethodWithArray(ReflectionUtils.java:125)
	at org.apache.maven.surefire.junitplatform.LauncherAdapter.executeWithCancellationToken(LauncherAdapter.java:68)
	at org.apache.maven.surefire.junitplatform.LauncherAdapter.execute(LauncherAdapter.java:54)
	at org.apache.maven.surefire.junitplatform.JUnitPlatformProvider.execute(JUnitPlatformProvider.java:203)
	at org.apache.maven.surefire.junitplatform.JUnitPlatformProvider.invokeAllTests(JUnitPlatformProvider.java:168)
	at org.apache.maven.surefire.junitplatform.JUnitPlatformProvider.invoke(JUnitPlatformProvider.java:136)
	at org.apache.maven.surefire.booter.ForkedBooter.runSuitesInProcess(ForkedBooter.java:385)
	at org.apache.maven.surefire.booter.ForkedBooter.execute(ForkedBooter.java:162)
	at org.apache.maven.surefire.booter.ForkedBooter.run(ForkedBooter.java:507)
	at org.apache.maven.surefire.booter.ForkedBooter.main(ForkedBooter.java:495)

2026-07-25T13:21:03.054+05:30  INFO 20344 --- [           main] c.s.b.c.c.EndpointLoggingInterceptor     : [traceId=, userId=, tenantId=] Endpoint: POST /api/v1/auth/login | Status: 401 | User: Anonymous | Time: 28ms
]]></system-out>
    <system-err><![CDATA[13:20:41,357 |-WARN in ch.qos.logback.core.model.processor.AppenderModelHandler - Appender named [JSON_CONSOLE] not referenced. Skipping further processing.
]]></system-err>
  </testcase>
</testsuite>